<?xml version="1.0" encoding="UTF-8"?>
<testng-results ignored="0" total="3" passed="3" failed="0" skipped="0">
  <reporter-output>
  </reporter-output>
  <suite started-at="2022-09-22T13:20:52 IST" name="NAGPAssignment" finished-at="2022-09-22T13:21:37 IST" duration-ms="45012">
    <groups>
      <group name="cucumber">
        <method signature="AbstractTestNGCucumberTests.runScenario(io.cucumber.testng.PickleWrapper, io.cucumber.testng.FeatureWrapper)[pri:0, instance:com.nagp.Runner.TestRunnerSmoke@55b53d44]" name="runScenario" class="io.cucumber.testng.AbstractTestNGCucumberTests"/>
      </group> <!-- cucumber -->
    </groups>
    <test started-at="2022-09-22T13:20:52 IST" name="SelendroidTest1" finished-at="2022-09-22T13:20:52 IST" duration-ms="5">
    </test> <!-- SelendroidTest1 -->
    <test started-at="2022-09-22T13:20:52 IST" name="SelendroidTest2" finished-at="2022-09-22T13:21:37 IST" duration-ms="44751">
      <class name="com.nagp.Runner.TestRunnerSmoke">
        <test-method is-config="true" signature="setUpClass(org.testng.ITestContext)[pri:0, instance:com.nagp.Runner.TestRunnerSmoke@55b53d44]" started-at="2022-09-22T13:20:52 IST" name="setUpClass" finished-at="2022-09-22T13:20:53 IST" duration-ms="549" status="PASS">
          <params>
            <param index="0">
              <value>
                <![CDATA[org.testng.TestRunner@7c588adc]]>
              </value>
            </param>
          </params>
          <reporter-output>
          </reporter-output>
        </test-method> <!-- setUpClass -->
        <test-method is-config="true" signature="setUpCucumber()[pri:0, instance:com.nagp.Runner.TestRunnerSmoke@55b53d44]" started-at="2022-09-22T13:20:53 IST" name="setUpCucumber" finished-at="2022-09-22T13:20:53 IST" duration-ms="27" status="PASS">
          <reporter-output>
          </reporter-output>
        </test-method> <!-- setUpCucumber -->
        <test-method signature="runScenario(io.cucumber.testng.PickleWrapper, io.cucumber.testng.FeatureWrapper)[pri:0, instance:com.nagp.Runner.TestRunnerSmoke@55b53d44]" started-at="2022-09-22T13:20:53 IST" name="runScenario" description="Runs Cucumber Scenarios" data-provider="scenarios" finished-at="2022-09-22T13:21:08 IST" duration-ms="15101" status="PASS">
          <params>
            <param index="0">
              <value>
                <![CDATA["Verify SelendroidApp HomePage Feature"]]>
              </value>
            </param>
            <param index="1">
              <value>
                <![CDATA["Optional[Feature to Validate selendroid App HomePage]"]]>
              </value>
            </param>
          </params>
          <reporter-output>
          </reporter-output>
        </test-method> <!-- runScenario -->
        <test-method signature="runScenario(io.cucumber.testng.PickleWrapper, io.cucumber.testng.FeatureWrapper)[pri:0, instance:com.nagp.Runner.TestRunnerSmoke@55b53d44]" started-at="2022-09-22T13:21:08 IST" name="runScenario" description="Runs Cucumber Scenarios" data-provider="scenarios" finished-at="2022-09-22T13:21:20 IST" duration-ms="12290" status="PASS">
          <params>
            <param index="0">
              <value>
                <![CDATA["Verify EN button functionality"]]>
              </value>
            </param>
            <param index="1">
              <value>
                <![CDATA["Optional[Feature to Validate selendroid App HomePage]"]]>
              </value>
            </param>
          </params>
          <reporter-output>
          </reporter-output>
        </test-method> <!-- runScenario -->
        <test-method signature="runScenario(io.cucumber.testng.PickleWrapper, io.cucumber.testng.FeatureWrapper)[pri:0, instance:com.nagp.Runner.TestRunnerSmoke@55b53d44]" started-at="2022-09-22T13:21:20 IST" name="runScenario" description="Runs Cucumber Scenarios" data-provider="scenarios" finished-at="2022-09-22T13:21:33 IST" duration-ms="12599" status="PASS">
          <params>
            <param index="0">
              <value>
                <![CDATA["Verify DisplayTextView button functionality"]]>
              </value>
            </param>
            <param index="1">
              <value>
                <![CDATA["Optional[Feature to Validate selendroid App HomePage]"]]>
              </value>
            </param>
          </params>
          <reporter-output>
          </reporter-output>
        </test-method> <!-- runScenario -->
        <test-method is-config="true" signature="tearDownClass()[pri:0, instance:com.nagp.Runner.TestRunnerSmoke@55b53d44]" started-at="2022-09-22T13:21:33 IST" name="tearDownClass" finished-at="2022-09-22T13:21:37 IST" duration-ms="4157" status="PASS">
          <reporter-output>
          </reporter-output>
        </test-method> <!-- tearDownClass -->
      </class> <!-- com.nagp.Runner.TestRunnerSmoke -->
    </test> <!-- SelendroidTest2 -->
  </suite> <!-- NAGPAssignment -->
</testng-results>
