<?xml version="1.0" encoding="UTF-8"?>
<testsuite xmlns:xsi="http://www.w3.org/2001/XMLSchema-instance" xsi:noNamespaceSchemaLocation="https://maven.apache.org/surefire/maven-surefire-plugin/xsd/surefire-test-report-3.0.xsd" version="3.0" name="TestSuite" time="45.366" tests="3" errors="0" skipped="0" failures="0">
  <properties>
[...]
</properties>
  <testcase name="runScenario[&quot;Verify SelendroidApp HomePage Feature&quot;, &quot;Optional[Feature to Validate selendroid App HomePage]&quot;](1)" classname="com.nagp.Runner.TestRunnerSmoke" time="15.103">
    <system-out><![CDATA[[TestNGContentHandler] [WARN] It is strongly recommended to add "<!DOCTYPE suite SYSTEM "https://testng.org/testng-1.0.dtd" >" at the top of your file, otherwise TestNG may fail or not work as expected.

@SelendroidApp @SmokeTest @HomeScreen
Scenario: Verify SelendroidApp HomePage Feature # src/test/resources/features/HomePage.feature:6
[INFO ] 2022-09-22 13:20:53.997 [main] ServerManager - starting appium server
&amp#27;[35m[Appium]&amp#27;[39m Welcome to Appium v1.22.3
&amp#27;[35m[Appium]&amp#27;[39m Non-default server args:
&amp#27;[35m[Appium]&amp#27;[39m   port: 29190
&amp#27;[35m[Appium]&amp#27;[39m   sessionOverride: true
&amp#27;[35m[Appium]&amp#27;[39m   logFile: /Users/varsha/Desktop/NAGP/NAGPAppium/Android_/Server.log
&amp#27;[35m[Appium]&amp#27;[39m Appium REST http interface listener started on 0.0.0.0:29190
&amp#27;[35m[HTTP]&amp#27;[39m &amp#27;[37m-->&amp#27;[39m &amp#27;[37mGET&amp#27;[39m &amp#27;[37m/wd/hub/status&amp#27;[39m
&amp#27;[35m[HTTP]&amp#27;[39m &amp#27;[90m{}&amp#27;[39m
[debug] &amp#27;[35m[GENERIC]&amp#27;[39m Calling AppiumDriver.getStatus() with args: []
[debug] &amp#27;[35m[GENERIC]&amp#27;[39m Responding to client with driver.getStatus() result: {"build":{"version":"1.22.3"}}
&amp#27;[35m[HTTP]&amp#27;[39m &amp#27;[37m<-- GET /wd/hub/status &amp#27;[39m&amp#27;[32m200&amp#27;[39m &amp#27;[90m6 ms - 68&amp#27;[39m
&amp#27;[35m[HTTP]&amp#27;[39m &amp#27;[90m&amp#27;[39m
&amp#27;[35m[HTTP]&amp#27;[39m &amp#27;[37m-->&amp#27;[39m &amp#27;[37mGET&amp#27;[39m &amp#27;[37m/wd/hub/status&amp#27;[39m
&amp#27;[35m[HTTP]&amp#27;[39m &amp#27;[90m{}&amp#27;[39m
[debug] &amp#27;[35m[GENERIC]&amp#27;[39m Calling AppiumDriver.getStatus() with args: []
[debug] &amp#27;[35m[GENERIC]&amp#27;[39m Responding to client with driver.getStatus() result: {"build":{"version":"1.22.3"}}
&amp#27;[35m[HTTP]&amp#27;[39m &amp#27;[37m<-- GET /wd/hub/status &amp#27;[39m&amp#27;[32m200&amp#27;[39m &amp#27;[90m[INFO ] 2022-09-22 13:20:56.384 [main] ServerManager - Appium server started
4 ms - 68&amp#27;[39m
&amp#27;[35m[HTTP]&amp#27;[39m &amp#27;[90m&amp#27;[39m
[INFO ] 2022-09-22 13:20:56.447 [main] DriverManager - initializing Appium driver
[INFO ] 2022-09-22 13:20:56.475 [main] PropertyManager - loading config properties
[INFO ] 2022-09-22 13:20:56.476 [main] CapabilitiesManager - getting capabilities
[INFO ] 2022-09-22 13:20:56.479 [main] CapabilitiesManager - appUrl is/Users/varsha/Desktop/NAGP/NAGPAppium/src/test/resources/apkFiles/selendroid-test-app.apk
[debug] &amp#27;[35m[HTTP]&amp#27;[39m Request idempotency key: 3963c931-3888-41df-b94a-811c535d3d74
&amp#27;[35m[HTTP]&amp#27;[39m &amp#27;[37m-->&amp#27;[39m &amp#27;[37mPOST&amp#27;[39m &amp#27;[37m/wd/hub/session&amp#27;[39m
&amp#27;[35m[HTTP]&amp#27;[39m &amp#27;[90m{"desiredCapabilities":{"app":"/Users/varsha/Desktop/NAGP/NAGPAppium/src/test/resources/apkFiles/selendroid-test-app.apk","appActivity":"io.selendroid.testapp.HomeScreenActivity","appPackage":"io.selendroid.testapp","automationName":"UiAutomator2","chromeDriverPort":"11000","platformName":"Android","systemPort":"10000"},"capabilities":{"firstMatch":[{"appium:app":"/Users/varsha/Desktop/NAGP/NAGPAppium/src/test/resources/apkFiles/selendroid-test-app.apk","appium:appActivity":"io.selendroid.testapp.HomeScreenActivity","appium:appPackage":"io.selendroid.testapp","appium:automationName":"UiAutomator2","chromeDriverPort":"11000","platformName":"android","appium:systemPort":"10000"}]}}&amp#27;[39m
[debug] &amp#27;[35m[W3C]&amp#27;[39m Calling AppiumDriver.createSession() with args: [{"app":"/Users/varsha/Desktop/NAGP/NAGPAppium/src/test/resources/apkFiles/selendroid-test-app.apk","appActivity":"io.selendroid.testapp.HomeScreenActivity","appPackage":"io.selendroid.testapp","automationName":"UiAutomator2","chromeDriverPort":"11000","platformName":"Android","systemPort":"10000"},null,{"firstMatch":[{"appium:app":"/Users/varsha/Desktop/NAGP/NAGPAppium/src/test/resources/apkFiles/selendroid-test-app.apk","appium:appActivity":"io.selendroid.testapp.HomeScreenActivity","appium:appPackage":"io.selendroid.testapp","appium:automationName":"UiAutomator2","chromeDriverPort":"11000","platformName":"android","appium:systemPort":"10000"}]}]
[debug] &amp#27;[35m[BaseDriver]&amp#27;[39m Event 'newSessionRequested' logged at 1663833056904 (13:20:56 GMT+0530 (India Standard Time))
&amp#27;[35m[BaseDriver]&amp#27;[39m The following capabilities are not standard capabilities and should have an extension prefix:
&amp#27;[35m[BaseDriver]&amp#27;[39m   chromeDriverPort
&amp#27;[35m[Appium]&amp#27;[39m Appium v1.22.3 creating new AndroidUiautomator2Driver (v1.70.1) session
[debug] &amp#27;[35m[Appium]&amp#27;[39m There are no active sessions for cleanup
[debug] &amp#27;[35m[BaseDriver]&amp#27;[39m W3C capabilities and MJSONWP desired capabilities were provided
[debug] &amp#27;[35m[BaseDriver]&amp#27;[39m Creating session with W3C capabilities: {
[debug] &amp#27;[35m[BaseDriver]&amp#27;[39m   "alwaysMatch": {
[debug] &amp#27;[35m[BaseDriver]&amp#27;[39m     "appium:chromeDriverPort": "11000",
[debug] &amp#27;[35m[BaseDriver]&amp#27;[39m     "platformName": "android",
[debug] &amp#27;[35m[BaseDriver]&amp#27;[39m     "appium:app": "/Users/varsha/Desktop/NAGP/NAGPAppium/src/test/resources/apkFiles/selendroid-test-app.apk",
[debug] &amp#27;[35m[BaseDriver]&amp#27;[39m     "appium:appActivity": "io.selendroid.testapp.HomeScreenActivity",
[debug] &amp#27;[35m[BaseDriver]&amp#27;[39m     "appium:appPackage": "io.selendroid.testapp",
[debug] &amp#27;[35m[BaseDriver]&amp#27;[39m     "appium:automationName": "UiAutomator2",
[debug] &amp#27;[35m[BaseDriver]&amp#27;[39m     "appium:systemPort": "10000"
[debug] &amp#27;[35m[BaseDriver]&amp#27;[39m   },
[debug] &amp#27;[35m[BaseDriver]&amp#27;[39m   "firstMatch": [
[debug] &amp#27;[35m[BaseDriver]&amp#27;[39m     {}
[debug] &amp#27;[35m[BaseDriver]&amp#27;[39m   ]
[debug] &amp#27;[35m[BaseDriver]&amp#27;[39m }
&amp#27;[35m[BaseDriver]&amp#27;[39m Number capability passed in as string. Functionality may be compromised.
&amp#27;[35m[BaseDriver]&amp#27;[39m Number capability passed in as string. Functionality may be compromised.
&amp#27;[35m[BaseDriver]&amp#27;[39m Capability 'systemPort' changed from string ('10000') to integer (10000). This may cause unexpected behavior
&amp#27;[35m[BaseDriver]&amp#27;[39m Capability 'chromeDriverPort' changed from string ('11000') to integer (11000). This may cause unexpected behavior
&amp#27;[35m[BaseDriver]&amp#27;[39m Session created with session id: 4bedd779-fdb8-413f-8330-ae65200e0214
&amp#27;[35m[BaseDriver]&amp#27;[39m Using local app '/Users/varsha/Desktop/NAGP/NAGPAppium/src/test/resources/apkFiles/selendroid-test-app.apk'
[debug] &amp#27;[35m[UiAutomator2]&amp#27;[39m Checking whether app is actually present
&amp#27;[35m[ADB]&amp#27;[39m Found 1 'build-tools' folders under '/Users/varsha/Library/Android/sdk' (newest first):
&amp#27;[35m[ADB]&amp#27;[39m     /Users/varsha/Library/Android/sdk/build-tools/33.0.0
&amp#27;[35m[ADB]&amp#27;[39m Using 'adb' from '/Users/varsha/Library/Android/sdk/platform-tools/adb'
[debug] &amp#27;[35m[ADB]&amp#27;[39m Running '/Users/varsha/Library/Android/sdk/platform-tools/adb -P 5037 start-server'
&amp#27;[35m[AndroidDriver]&amp#27;[39m Retrieving device list
[debug] &amp#27;[35m[ADB]&amp#27;[39m Trying to find a connected android device
[debug] &amp#27;[35m[ADB]&amp#27;[39m Getting connected devices
[debug] &amp#27;[35m[ADB]&amp#27;[39m Connected devices: [{"udid":"emulator-5554","state":"device"}]
&amp#27;[35m[AndroidDriver]&amp#27;[39m Using device: emulator-5554
&amp#27;[35m[ADB]&amp#27;[39m Using 'adb' from '/Users/varsha/Library/Android/sdk/platform-tools/adb'
[debug] &amp#27;[35m[ADB]&amp#27;[39m Running '/Users/varsha/Library/Android/sdk/platform-tools/adb -P 5037 start-server'
[debug] &amp#27;[35m[ADB]&amp#27;[39m Setting device id to emulator-5554
[debug] &amp#27;[35m[ADB]&amp#27;[39m Running '/Users/varsha/Library/Android/sdk/platform-tools/adb -P 5037 -s emulator-5554 shell getprop ro.build.version.sdk'
[debug] &amp#27;[35m[ADB]&amp#27;[39m Current device property 'ro.build.version.sdk': 31
&amp#27;[35m[ADB]&amp#27;[39m Getting device platform version
[debug] &amp#27;[35m[ADB]&amp#27;[39m Running '/Users/varsha/Library/Android/sdk/platform-tools/adb -P 5037 -s emulator-5554 shell getprop ro.build.version.release'
[debug] &amp#27;[35m[ADB]&amp#27;[39m Current device property 'ro.build.version.release': 12
[debug] &amp#27;[35m[ADB]&amp#27;[39m Device API level: 31
&amp#27;[35m[UiAutomator2]&amp#27;[39m Relaxing hidden api policy
[debug] &amp#27;[35m[ADB]&amp#27;[39m Running '/Users/varsha/Library/Android/sdk/platform-tools/adb -P 5037 -s emulator-5554 shell 'settings put global hidden_api_policy_pre_p_apps 1;settings put global hidden_api_policy_p_apps 1;settings put global hidden_api_policy 1''
[debug] &amp#27;[35m[ADB]&amp#27;[39m Running '/Users/varsha/Library/Android/sdk/platform-tools/adb -P 5037 -s emulator-5554 wait-for-device'
[debug] &amp#27;[35m[ADB]&amp#27;[39m Running '/Users/varsha/Library/Android/sdk/platform-tools/adb -P 5037 -s emulator-5554 shell echo ping'
[debug] &amp#27;[35m[AndroidDriver]&amp#27;[39m Pushing settings apk to device...
[debug] &amp#27;[35m[ADB]&amp#27;[39m Getting install status for io.appium.settings
[debug] &amp#27;[35m[ADB]&amp#27;[39m Running '/Users/varsha/Library/Android/sdk/platform-tools/adb -P 5037 -s emulator-5554 shell dumpsys package io.appium.settings'
[debug] &amp#27;[35m[ADB]&amp#27;[39m 'io.appium.settings' is installed
[debug] &amp#27;[35m[ADB]&amp#27;[39m Getting package info for 'io.appium.settings'
[debug] &amp#27;[35m[ADB]&amp#27;[39m Running '/Users/varsha/Library/Android/sdk/platform-tools/adb -P 5037 -s emulator-5554 shell dumpsys package io.appium.settings'
[debug] &amp#27;[35m[ADB]&amp#27;[39m The version name of the installed 'io.appium.settings' is greater or equal to the application version name ('3.4.0' >= '3.4.0')
[debug] &amp#27;[35m[ADB]&amp#27;[39m There is no need to install/upgrade '/usr/local/lib/node_modules/appium/node_modules/io.appium.settings/apks/settings_apk-debug.apk'
[debug] &amp#27;[35m[ADB]&amp#27;[39m Getting IDs of all 'io.appium.settings' processes
[debug] &amp#27;[35m[ADB]&amp#27;[39m Running '/Users/varsha/Library/Android/sdk/platform-tools/adb -P 5037 -s emulator-5554 shell 'pgrep --help; echo $?''
[debug] &amp#27;[35m[ADB]&amp#27;[39m Running '/Users/varsha/Library/Android/sdk/platform-tools/adb -P 5037 -s emulator-5554 shell pgrep -f \(\[\[:blank:\]\]\|\^\)io\.appium\.settings\(\[\[:blank:\]\]\|\$\)'
[debug] &amp#27;[35m[AndroidDriver]&amp#27;[39m io.appium.settings is already running. There is no need to reset its permissions.
[debug] &amp#27;[35m[Logcat]&amp#27;[39m Starting logs capture with command: /Users/varsha/Library/Android/sdk/platform-tools/adb -P 5037 -s emulator-5554 logcat -v threadtime
[debug] &amp#27;[35m[UiAutomator2]&amp#27;[39m Forwarding UiAutomator2 Server port 6790 to local port 10000
[debug] &amp#27;[35m[ADB]&amp#27;[39m Forwarding system: 10000 to device: 6790
[debug] &amp#27;[35m[ADB]&amp#27;[39m Running '/Users/varsha/Library/Android/sdk/platform-tools/adb -P 5037 -s emulator-5554 forward tcp:10000 tcp:6790'
[debug] &amp#27;[35m[ADB]&amp#27;[39m Getting install status for io.appium.uiautomator2.server
[debug] &amp#27;[35m[ADB]&amp#27;[39m Running '/Users/varsha/Library/Android/sdk/platform-tools/adb -P 5037 -s emulator-5554 shell dumpsys package io.appium.uiautomator2.server'
[debug] &amp#27;[35m[ADB]&amp#27;[39m 'io.appium.uiautomator2.server' is installed
[debug] &amp#27;[35m[ADB]&amp#27;[39m Getting package info for 'io.appium.uiautomator2.server'
[debug] &amp#27;[35m[ADB]&amp#27;[39m Running '/Users/varsha/Library/Android/sdk/platform-tools/adb -P 5037 -s emulator-5554 shell dumpsys package io.appium.uiautomator2.server'
[debug] &amp#27;[35m[ADB]&amp#27;[39m The version name of the installed 'io.appium.uiautomator2.server' is greater or equal to the application version name ('4.27.0' >= '4.27.0')
[debug] &amp#27;[35m[UiAutomator2]&amp#27;[39m io.appium.uiautomator2.server installation state: sameVersionInstalled
[debug] &amp#27;[35m[ADB]&amp#27;[39m Checking app cert for /usr/local/lib/node_modules/appium/node_modules/appium-uiautomator2-server/apks/appium-uiautomator2-server-v4.27.0.apk
&amp#27;[35m[ADB]&amp#27;[39m Using 'apksigner.jar' from '/Users/varsha/Library/Android/sdk/build-tools/33.0.0/lib/apksigner.jar'
[debug] &amp#27;[35m[ADB]&amp#27;[39m Starting apksigner: /Library/Java/JavaVirtualMachines/jdk-11.0.13.jdk/Contents/Home/bin/java -Xmx1024M -Xss1m -jar /Users/varsha/Library/Android/sdk/build-tools/33.0.0/lib/apksigner.jar verify --print-certs /usr/local/lib/node_modules/appium/node_modules/appium-uiautomator2-server/apks/appium-uiautomator2-server-v4.27.0.apk
[debug] &amp#27;[35m[ADB]&amp#27;[39m apksigner stdout: Signer #1 certificate DN: EMAILADDRESS=android@android.com, CN=Android, OU=Android, O=Android, L=Mountain View, ST=California, C=US
[debug] &amp#27;[35m[ADB]&amp#27;[39m Signer #1 certificate SHA-256 digest: a40da80a59d170caa950cf15c18c454d47a39b26989d8b640ecd745ba71bf5dc
[debug] &amp#27;[35m[ADB]&amp#27;[39m Signer #1 certificate SHA-1 digest: 61ed377e85d386a8dfee6b864bd85b0bfaa5af81
[debug] &amp#27;[35m[ADB]&amp#27;[39m Signer #1 certificate MD5 digest: e89b158e4bcf988ebd09eb83f5378e87
[debug] &amp#27;[35m[ADB]&amp#27;[39m 
[debug] &amp#27;[35m[ADB]&amp#27;[39m sha256 hash did match for 'appium-uiautomator2-server-v4.27.0.apk'
&amp#27;[35m[ADB]&amp#27;[39m '/usr/local/lib/node_modules/appium/node_modules/appium-uiautomator2-server/apks/appium-uiautomator2-server-v4.27.0.apk' is signed with the default certificate
[debug] &amp#27;[35m[ADB]&amp#27;[39m Getting install status for io.appium.uiautomator2.server.test
[debug] &amp#27;[35m[ADB]&amp#27;[39m Running '/Users/varsha/Library/Android/sdk/platform-tools/adb -P 5037 -s emulator-5554 shell dumpsys package io.appium.uiautomator2.server.test'
[debug] &amp#27;[35m[ADB]&amp#27;[39m 'io.appium.uiautomator2.server.test' is installed
[debug] &amp#27;[35m[ADB]&amp#27;[39m Checking app cert for /usr/local/lib/node_modules/appium/node_modules/appium-uiautomator2-server/apks/appium-uiautomator2-server-debug-androidTest.apk
[debug] &amp#27;[35m[ADB]&amp#27;[39m Starting apksigner: /Library/Java/JavaVirtualMachines/jdk-11.0.13.jdk/Contents/Home/bin/java -Xmx1024M -Xss1m -jar /Users/varsha/Library/Android/sdk/build-tools/33.0.0/lib/apksigner.jar verify --print-certs /usr/local/lib/node_modules/appium/node_modules/appium-uiautomator2-server/apks/appium-uiautomator2-server-debug-androidTest.apk
[debug] &amp#27;[35m[ADB]&amp#27;[39m apksigner stdout: Signer #1 certificate DN: EMAILADDRESS=android@android.com, CN=Android, OU=Android, O=Android, L=Mountain View, ST=California, C=US
[debug] &amp#27;[35m[ADB]&amp#27;[39m Signer #1 certificate SHA-256 digest: a40da80a59d170caa950cf15c18c454d47a39b26989d8b640ecd745ba71bf5dc
[debug] &amp#27;[35m[ADB]&amp#27;[39m Signer #1 certificate SHA-1 digest: 61ed377e85d386a8dfee6b864bd85b0bfaa5af81
[debug] &amp#27;[35m[ADB]&amp#27;[39m Signer #1 certificate MD5 digest: e89b158e4bcf988ebd09eb83f5378e87
[debug] &amp#27;[35m[ADB]&amp#27;[39m 
[debug] &amp#27;[35m[ADB]&amp#27;[39m sha256 hash did match for 'appium-uiautomator2-server-debug-androidTest.apk'
&amp#27;[35m[ADB]&amp#27;[39m '/usr/local/lib/node_modules/appium/node_modules/appium-uiautomator2-server/apks/appium-uiautomator2-server-debug-androidTest.apk' is signed with the default certificate
&amp#27;[35m[UiAutomator2]&amp#27;[39m Server packages are not going to be (re)installed
[debug] &amp#27;[35m[UiAutomator2]&amp#27;[39m Waiting up to 30000ms for services to be available
[debug] &amp#27;[35m[ADB]&amp#27;[39m Running '/Users/varsha/Library/Android/sdk/platform-tools/adb -P 5037 -s emulator-5554 shell pm list instrumentation'
[debug] &amp#27;[35m[UiAutomator2]&amp#27;[39m Instrumentation target 'io.appium.uiautomator2.server.test/androidx.test.runner.AndroidJUnitRunner' is available
&amp#27;[35m[ADB]&amp#27;[39m Adding packages ["io.appium.settings","io.appium.uiautomator2.server","io.appium.uiautomator2.server.test"] to Doze whitelist
[debug] &amp#27;[35m[ADB]&amp#27;[39m Got the following command chunks to execute: [["dumpsys","deviceidle","whitelist","+io.appium.settings",";","dumpsys","deviceidle","whitelist","+io.appium.uiautomator2.server",";","dumpsys","deviceidle","whitelist","+io.appium.uiautomator2.server.test",";"]]
[debug] &amp#27;[35m[ADB]&amp#27;[39m Running '/Users/varsha/Library/Android/sdk/platform-tools/adb -P 5037 -s emulator-5554 shell dumpsys deviceidle whitelist +io.appium.settings ; dumpsys deviceidle whitelist +io.appium.uiautomator2.server ; dumpsys deviceidle whitelist +io.appium.uiautomator2.server.test ;'
[debug] &amp#27;[35m[ADB]&amp#27;[39m Checking app cert for /Users/varsha/Desktop/NAGP/NAGPAppium/src/test/resources/apkFiles/selendroid-test-app.apk
[debug] &amp#27;[35m[ADB]&amp#27;[39m Starting apksigner: /Library/Java/JavaVirtualMachines/jdk-11.0.13.jdk/Contents/Home/bin/java -Xmx1024M -Xss1m -jar /Users/varsha/Library/Android/sdk/build-tools/33.0.0/lib/apksigner.jar verify --print-certs /Users/varsha/Desktop/NAGP/NAGPAppium/src/test/resources/apkFiles/selendroid-test-app.apk
[debug] &amp#27;[35m[ADB]&amp#27;[39m apksigner stdout: Signer #1 certificate DN: CN=Android Debug, O=Android, C=US
[debug] &amp#27;[35m[ADB]&amp#27;[39m Signer #1 certificate SHA-256 digest: f68117581679cdfaf3532a1c374547745a1889d266b3de8d3dc9014632599f33
[debug] &amp#27;[35m[ADB]&amp#27;[39m Signer #1 certificate SHA-1 digest: 4fdac9c8157aa966b9a79f11d31cda5be49fd44b
[debug] &amp#27;[35m[ADB]&amp#27;[39m Signer #1 certificate MD5 digest: 671d07ab3338c01c67994b9edb18362c
[debug] &amp#27;[35m[ADB]&amp#27;[39m 
&amp#27;[35m[ADB]&amp#27;[39m '/Users/varsha/Desktop/NAGP/NAGPAppium/src/test/resources/apkFiles/selendroid-test-app.apk' is signed with a non-default certificate
[debug] &amp#27;[35m[ADB]&amp#27;[39m Getting install status for io.selendroid.testapp
[debug] &amp#27;[35m[ADB]&amp#27;[39m Running '/Users/varsha/Library/Android/sdk/platform-tools/adb -P 5037 -s emulator-5554 shell dumpsys package io.selendroid.testapp'
[debug] &amp#27;[35m[ADB]&amp#27;[39m 'io.selendroid.testapp' is installed
[debug] &amp#27;[35m[ADB]&amp#27;[39m Getting package info for 'io.selendroid.testapp'
[debug] &amp#27;[35m[ADB]&amp#27;[39m Running '/Users/varsha/Library/Android/sdk/platform-tools/adb -P 5037 -s emulator-5554 shell dumpsys package io.selendroid.testapp'
[debug] &amp#27;[35m[ADB]&amp#27;[39m The version name of the installed 'io.selendroid.testapp' is greater or equal to the application version name ('0.12.0' >= '0.12.0')
[debug] &amp#27;[35m[ADB]&amp#27;[39m There is no need to install/upgrade '/Users/varsha/Desktop/NAGP/NAGPAppium/src/test/resources/apkFiles/selendroid-test-app.apk'
&amp#27;[35m[AndroidDriver]&amp#27;[39m Performing fast reset on 'io.selendroid.testapp'
[debug] &amp#27;[35m[ADB]&amp#27;[39m Getting install status for io.selendroid.testapp
[debug] &amp#27;[35m[ADB]&amp#27;[39m Running '/Users/varsha/Library/Android/sdk/platform-tools/adb -P 5037 -s emulator-5554 shell dumpsys package io.selendroid.testapp'
[debug] &amp#27;[35m[ADB]&amp#27;[39m 'io.selendroid.testapp' is installed
[debug] &amp#27;[35m[ADB]&amp#27;[39m Running '/Users/varsha/Library/Android/sdk/platform-tools/adb -P 5037 -s emulator-5554 shell am force-stop io.selendroid.testapp'
[debug] &amp#27;[35m[ADB]&amp#27;[39m Running '/Users/varsha/Library/Android/sdk/platform-tools/adb -P 5037 -s emulator-5554 shell pm clear io.selendroid.testapp'
[debug] &amp#27;[35m[AndroidDriver]&amp#27;[39m Performed fast reset on the installed 'io.selendroid.testapp' application (stop and clear)
[debug] &amp#27;[35m[UiAutomator2]&amp#27;[39m Performing shallow cleanup of automation leftovers
[debug] &amp#27;[35m[UiAutomator2]&amp#27;[39m No obsolete sessions have been detected (socket hang up)
[debug] &amp#27;[35m[ADB]&amp#27;[39m Running '/Users/varsha/Library/Android/sdk/platform-tools/adb -P 5037 -s emulator-5554 shell am force-stop io.appium.uiautomator2.server.test'
&amp#27;[35m[UiAutomator2]&amp#27;[39m Starting UIAutomator2 server 4.27.0
&amp#27;[35m[UiAutomator2]&amp#27;[39m Using UIAutomator2 server from '/usr/local/lib/node_modules/appium/node_modules/appium-uiautomator2-server/apks/appium-uiautomator2-server-v4.27.0.apk' and test from '/usr/local/lib/node_modules/appium/node_modules/appium-uiautomator2-server/apks/appium-uiautomator2-server-debug-androidTest.apk'
&amp#27;[35m[UiAutomator2]&amp#27;[39m Waiting up to 30000ms for UiAutomator2 to be online...
[debug] &amp#27;[35m[ADB]&amp#27;[39m Creating ADB subprocess with args: ["-P",5037,"-s","emulator-5554","shell","am","instrument","-w","-e","disableAnalytics",true,"io.appium.uiautomator2.server.test/androidx.test.runner.AndroidJUnitRunner"]
[debug] &amp#27;[35m[WD Proxy]&amp#27;[39m Matched '/status' to command name 'getStatus'
[debug] &amp#27;[35m[WD Proxy]&amp#27;[39m Proxying [GET /status] to [GET http://127.0.0.1:10000/wd/hub/status] with no body
&amp#27;[35m[WD Proxy]&amp#27;[39m socket hang up
[debug] &amp#27;[35m[Instrumentation]&amp#27;[39m io.appium.uiautomator2.server.test.AppiumUiAutomator2Server:
[debug] &amp#27;[35m[WD Proxy]&amp#27;[39m Matched '/status' to command name 'getStatus'
[debug] &amp#27;[35m[WD Proxy]&amp#27;[39m Proxying [GET /status] to [GET http://127.0.0.1:10000/wd/hub/status] with no body
&amp#27;[35m[WD Proxy]&amp#27;[39m socket hang up
[debug] &amp#27;[35m[WD Proxy]&amp#27;[39m Matched '/status' to command name 'getStatus'
[debug] &amp#27;[35m[WD Proxy]&amp#27;[39m Proxying [GET /status] to [GET http://127.0.0.1:10000/wd/hub/status] with no body
&amp#27;[35m[WD Proxy]&amp#27;[39m socket hang up
[debug] &amp#27;[35m[WD Proxy]&amp#27;[39m Matched '/status' to command name 'getStatus'
[debug] &amp#27;[35m[WD Proxy]&amp#27;[39m Proxying [GET /status] to [GET http://127.0.0.1:10000/wd/hub/status] with no body
[debug] &amp#27;[35m[WD Proxy]&amp#27;[39m Got response with status 200: {"sessionId":"None","value":{"message":"UiAutomator2 Server is ready to accept commands","ready":true}}
[debug] &amp#27;[35m[UiAutomator2]&amp#27;[39m The initialization of the instrumentation process took 3141ms
[debug] &amp#27;[35m[WD Proxy]&amp#27;[39m Matched '/session' to command name 'createSession'
[debug] &amp#27;[35m[WD Proxy]&amp#27;[39m Proxying [POST /session] to [POST http://127.0.0.1:10000/wd/hub/session] with body: {"capabilities":{"firstMatch":[{"platform":"LINUX","webStorageEnabled":false,"takesScreenshot":true,"javascriptEnabled":true,"databaseEnabled":false,"networkConnectionEnabled":true,"locationContextEnabled":false,"warnings":{},"desired":{"platformName":"android","chromeDriverPort":11000,"app":"/Users/varsha/Desktop/NAGP/NAGPAppium/src/test/resources/apkFiles/selendroid-test-app.apk","appActivity":"io.selendroid.testapp.HomeScreenActivity","appPackage":"io.selendroid.testapp","automationName":"UiAutomator2","systemPort":10000},"platformName":"android","chromeDriverPort":11000,"app":"/Users/varsha/Desktop/NAGP/NAGPAppium/src/test/resources/apkFiles/selendroid-test-app.apk","appActivity":"io.selendroid.testapp.HomeScreenActivity","appPackage":"io.selendroid.testapp","automationName":"UiAutomator2","systemPort":10000,"deviceName":"emulator-5554","deviceUDID":"emulator-5554"}],"alwaysMatch":{}}}
[debug] &amp#27;[35m[WD Proxy]&amp#27;[39m Got response with status 200: {"sessionId":"8b835344-94de-4627-b9c4-1f8ac87fb8a0","value":{"capabilities":{"firstMatch":[{"platform":"LINUX","webStorageEnabled":false,"takesScreenshot":true,"javascriptEnabled":true,"databaseEnabled":false,"networkConnectionEnabled":true,"locationContextEnabled":false,"warnings":{},"desired":{"platformName":"android","chromeDriverPort":11000,"app":"/Users/varsha/Desktop/NAGP/NAGPAppium/src/test/resources/apkFiles/selendroid-test-app.apk","appActivity":"io.selendroid.testapp.HomeScreenActivity","appPackage":"io.selendroid.testapp","automationName":"UiAutomator2","systemPort":10000},"platformName":"android","chromeDriverPort":11000,"app":"/Users/varsha/Desktop/NAGP/NAGPAppium/src/test/resources/apkFiles/selendroid-test-app.apk","appActivity":"io.selendroid.testapp.HomeScreenActivity","appPackage":"io.selendroid.testapp","automationName":"UiAutomator2","systemPort":10000,"deviceName":"emulator-5554","deviceUDID":"emulator-5554"}],"alwaysMatch":{}},"sessionId":"8b835344-94de-4627-b9c4-1f8ac87fb8a0"}}
&amp#27;[35m[WD Proxy]&amp#27;[39m Determined the downstream protocol as 'W3C'
[debug] &amp#27;[35m[WD Proxy]&amp#27;[39m Proxying [GET /appium/device/info] to [GET http://127.0.0.1:10000/wd/hub/session/8b835344-94de-4627-b9c4-1f8ac87fb8a0/appium/device/info] with no body
[debug] &amp#27;[35m[WD Proxy]&amp#27;[39m Got response with status 200: {"sessionId":"8b835344-94de-4627-b9c4-1f8ac87fb8a0","value":{"androidId":"1ef3248c941b552f","apiVersion":"31","bluetooth":{"state":"ON"},"brand":"google","carrierName":"T-Mobile","displayDensity":440,"locale":"en_US","manufacturer":"Google","model":"sdk_gphone64_x86_64","networks":[{"capabilities":{"SSID":null,"linkDownBandwidthKbps":4300,"linkUpstreamBandwidthKbps":1800,"networkCapabilities":"NET_CAPABILITY_MMS,NET_CAPABILITY_SUPL,NET_CAPABILITY_DUN,NET_CAPABILITY_FOTA,NET_CAPABILITY_IMS,NET_CAPABILITY_CBS,NET_CAPABILITY_INTERNET,NET_CAPABILITY_NOT_RESTRICTED,NET_CAPABILITY_TRUSTED,NET_CAPABILITY_NOT_VPN,NET_CAPABILITY_VALIDATED,NET_CAPABILITY_NOT_ROAMING,NET_CAPABILITY_FOREGROUND,NET_CAPABILITY_NOT_CONGESTED,NET_CAPABILITY_NOT_SUSPENDED","signalStrength":-2147483648,"transportTypes":"TRANSPORT_CELLULAR"},"detailedState":"CONNECTED","extraInfo":"epc.tmobile.com","isAvailable":true,"isConnected":true,"isFailover":false,"isRoaming":false,"state":"CONNECTED","subtype":10,"subtypeName":"HSPA","type":0,"typeNa...
[debug] &amp#27;[35m[ADB]&amp#27;[39m Running '/Users/varsha/Library/Android/sdk/platform-tools/adb -P 5037 -s emulator-5554 shell dumpsys window'
&amp#27;[35m[AndroidDriver]&amp#27;[39m Screen already unlocked, doing nothing
&amp#27;[35m[UiAutomator2]&amp#27;[39m Starting 'io.selendroid.testapp/io.selendroid.testapp.HomeScreenActivity and waiting for 'io.selendroid.testapp/io.selendroid.testapp.HomeScreenActivity'
[debug] &amp#27;[35m[ADB]&amp#27;[39m Running '/Users/varsha/Library/Android/sdk/platform-tools/adb -P 5037 -s emulator-5554 shell am start -W -n io.selendroid.testapp/io.selendroid.testapp.HomeScreenActivity -S -a android.intent.action.MAIN -c android.intent.category.LAUNCHER -f 0x10200000'
[debug] &amp#27;[35m[WD Proxy]&amp#27;[39m Proxying [GET /appium/device/pixel_ratio] to [GET http://127.0.0.1:10000/wd/hub/session/8b835344-94de-4627-b9c4-1f8ac87fb8a0/appium/device/pixel_ratio] with no body
[debug] &amp#27;[35m[WD Proxy]&amp#27;[39m Got response with status 200: {"sessionId":"8b835344-94de-4627-b9c4-1f8ac87fb8a0","value":2.75}
[debug] &amp#27;[35m[WD Proxy]&amp#27;[39m Matched '/appium/device/system_bars' to command name 'getSystemBars'
[debug] &amp#27;[35m[WD Proxy]&amp#27;[39m Proxying [GET /appium/device/system_bars] to [GET http://127.0.0.1:10000/wd/hub/session/8b835344-94de-4627-b9c4-1f8ac87fb8a0/appium/device/system_bars] with no body
[debug] &amp#27;[35m[WD Proxy]&amp#27;[39m Got response with status 200: {"sessionId":"8b835344-94de-4627-b9c4-1f8ac87fb8a0","value":{"statusBar":145}}
[debug] &amp#27;[35m[WD Proxy]&amp#27;[39m Matched '/window/current/size' to command name 'getWindowSize'
[debug] &amp#27;[35m[WD Proxy]&amp#27;[39m Proxying [GET /window/current/size] to [GET http://127.0.0.1:10000/wd/hub/session/8b835344-94de-4627-b9c4-1f8ac87fb8a0/window/current/size] with no body
[debug] &amp#27;[35m[WD Proxy]&amp#27;[39m Got response with status 200: {"sessionId":"8b835344-94de-4627-b9c4-1f8ac87fb8a0","value":{"height":2072,"width":1080}}
&amp#27;[35m[Appium]&amp#27;[39m New AndroidUiautomator2Driver session created successfully, session 4bedd779-fdb8-413f-8330-ae65200e0214 added to master session list
[debug] &amp#27;[35m[BaseDriver]&amp#27;[39m Event 'newSessionStarted' logged at 1663833064962 (13:21:04 GMT+0530 (India Standard Time))
[debug] &amp#27;[35m[W3C (4bedd779)]&amp#27;[39m Cached the protocol value 'W3C' for the new session 4bedd779-fdb8-413f-8330-ae65200e0214
[debug] &amp#27;[35m[W3C (4bedd779)]&amp#27;[39m Responding to client with driver.createSession() result: {"capabilities":{"platform":"LINUX","webStorageEnabled":false,"takesScreenshot":true,"javascriptEnabled":true,"databaseEnabled":false,"networkConnectionEnabled":true,"locationContextEnabled":false,"warnings":{},"desired":{"platformName":"android","chromeDriverPort":11000,"app":"/Users/varsha/Desktop/NAGP/NAGPAppium/src/test/resources/apkFiles/selendroid-test-app.apk","appActivity":"io.selendroid.testapp.HomeScreenActivity","appPackage":"io.selendroid.testapp","automationName":"UiAutomator2","systemPort":10000},"platformName":"android","chromeDriverPort":11000,"app":"/Users/varsha/Desktop/NAGP/NAGPAppium/src/test/resources/apkFiles/selendroid-test-app.apk","appActivity":"io.selendroid.testapp.HomeScreenActivity","appPackage":"io.selendroid.testapp","automationName":"UiAutomator2","systemPort":10000,"deviceName":"emulator-5554","deviceUDID":"emulator-5554","deviceApiLevel":31,"platformVersion":"12","deviceScreenSize":"1080x2340","deviceScreenDensity":440,"deviceModel":"sdk_gphone64_x86_64","deviceManufacture...
&amp#27;[35m[HTTP]&amp#27;[39m &amp#27;[37m<-- POST /wd/hub/session &amp#27;[39m&amp#27;[32m200&amp#27;[39m &amp#27;[90m8060 ms - 1196&amp#27;[39m
&amp#27;[35m[HTTP]&amp#27;[39m &amp#27;[90m&amp#27;[39m
[INFO ] 2022-09-22 13:21:05.101 [main] DriverManager - Driver is initialized
&amp#27;[35m[HTTP]&amp#27;[39m &amp#27;[37m-->&amp#27;[39m &amp#27;[37mGET&amp#27;[39m &amp#27;[37m/wd/hub/session/4bedd779-fdb8-413f-8330-ae65200e0214/context&amp#27;[39m
&amp#27;[35m[HTTP]&amp#27;[39m &amp#27;[90m{}&amp#27;[39m
[debug] &amp#27;[35m[W3C (4bedd779)]&amp#27;[39m Calling AppiumDriver.getCurrentContext() with args: ["4bedd779-fdb8-413f-8330-ae65200e0214"]
[debug] &amp#27;[35m[W3C (4bedd779)]&amp#27;[39m Responding to client with driver.getCurrentContext() result: "NATIVE_APP"
&amp#27;[35m[HTTP]&amp#27;[39m &amp#27;[37m<-- GET /wd/hub/session/4bedd779-fdb8-413f-8330-ae65200e0214/context &amp#27;[39m&amp#27;[32m200&amp#27;[39m &amp#27;[90m8 ms - 22&amp#27;[39m
&amp#27;[35m[HTTP]&amp#27;[39m &amp#27;[90m&amp#27;[39m
&amp#27;[35m[HTTP]&amp#27;[39m &amp#27;[37m-->&amp#27;[39m &amp#27;[37mPOST&amp#27;[39m &amp#27;[37m/wd/hub/session/4bedd779-fdb8-413f-8330-ae65200e0214/element&amp#27;[39m
&amp#27;[35m[HTTP]&amp#27;[39m &amp#27;[90m{"using":"xpath","value":"//*[@text='Continue']"}&amp#27;[39m
[debug] &amp#27;[35m[W3C (4bedd779)]&amp#27;[39m Calling AppiumDriver.findElement() with args: ["xpath","//*[@text='Continue']","4bedd779-fdb8-413f-8330-ae65200e0214"]
[debug] &amp#27;[35m[BaseDriver]&amp#27;[39m Valid locator strategies for this request: xpath, id, class name, accessibility id, css selector, -android uiautomator
[debug] &amp#27;[35m[BaseDriver]&amp#27;[39m Waiting up to 0 ms for condition
[debug] &amp#27;[35m[WD Proxy]&amp#27;[39m Matched '/element' to command name 'findElement'
[debug] &amp#27;[35m[WD Proxy]&amp#27;[39m Proxying [POST /element] to [POST http://127.0.0.1:10000/wd/hub/session/8b835344-94de-4627-b9c4-1f8ac87fb8a0/element] with body: {"strategy":"xpath","selector":"//*[@text='Continue']","context":"","multiple":false}
[debug] &amp#27;[35m[WD Proxy]&amp#27;[39m Got response with status 200: {"sessionId":"8b835344-94de-4627-b9c4-1f8ac87fb8a0","value":{"ELEMENT":"00000000-0000-01a8-ffff-ffff000003f7","element-6066-11e4-a52e-4f735466cecf":"00000000-0000-01a8-ffff-ffff000003f7"}}
[debug] &amp#27;[35m[W3C (4bedd779)]&amp#27;[39m Responding to client with driver.findElement() result: {"element-6066-11e4-a52e-4f735466cecf":"00000000-0000-01a8-ffff-ffff000003f7","ELEMENT":"00000000-0000-01a8-ffff-ffff000003f7"}
&amp#27;[35m[HTTP]&amp#27;[39m &amp#27;[37m<-- POST /wd/hub/session/4bedd779-fdb8-413f-8330-ae65200e0214/element &amp#27;[39m&amp#27;[32m200&amp#27;[39m &amp#27;[90m381 ms - 137&amp#27;[39m
&amp#27;[35m[HTTP]&amp#27;[39m &amp#27;[90m&amp#27;[39m
&amp#27;[35m[HTTP]&amp#27;[39m &amp#27;[37m-->&amp#27;[39m &amp#27;[37mGET&amp#27;[39m &amp#27;[37m/wd/hub/session/4bedd779-fdb8-413f-8330-ae65200e0214/element/00000000-0000-01a8-ffff-ffff000003f7/displayed&amp#27;[39m
&amp#27;[35m[HTTP]&amp#27;[39m &amp#27;[90m{}&amp#27;[39m
[debug] &amp#27;[35m[W3C (4bedd779)]&amp#27;[39m Calling AppiumDriver.elementDisplayed() with args: ["00000000-0000-01a8-ffff-ffff000003f7","4bedd779-fdb8-413f-8330-ae65200e0214"]
[debug] &amp#27;[35m[WD Proxy]&amp#27;[39m Matched '/element/00000000-0000-01a8-ffff-ffff000003f7/attribute/displayed' to command name 'getAttribute'
[debug] &amp#27;[35m[WD Proxy]&amp#27;[39m Proxying [GET /element/00000000-0000-01a8-ffff-ffff000003f7/attribute/displayed] to [GET http://127.0.0.1:10000/wd/hub/session/8b835344-94de-4627-b9c4-1f8ac87fb8a0/element/00000000-0000-01a8-ffff-ffff000003f7/attribute/displayed] with no body
[debug] &amp#27;[35m[WD Proxy]&amp#27;[39m Got response with status 200: {"sessionId":"8b835344-94de-4627-b9c4-1f8ac87fb8a0","value":"true"}
[debug] &amp#27;[35m[W3C (4bedd779)]&amp#27;[39m Responding to client with driver.elementDisplayed() result: true
&amp#27;[35m[HTTP]&amp#27;[39m &amp#27;[37m<-- GET /wd/hub/session/4bedd779-fdb8-413f-8330-ae65200e0214/element/00000000-0000-01a8-ffff-ffff000003f7/displayed &amp#27;[39m&amp#27;[32m200&amp#27;[39m &amp#27;[90m18 ms - 14&amp#27;[39m
&amp#27;[35m[HTTP]&amp#27;[39m &amp#27;[90m&amp#27;[39m
[INFO ] 2022-09-22 13:21:05.745 [main] BasePage - Click Continue
&amp#27;[35m[HTTP]&amp#27;[39m &amp#27;[37m-->&amp#27;[39m &amp#27;[37mGET&amp#27;[39m &amp#27;[37m/wd/hub/session/4bedd779-fdb8-413f-8330-ae65200e0214/context&amp#27;[39m
&amp#27;[35m[HTTP]&amp#27;[39m &amp#27;[90m{}&amp#27;[39m
[debug] &amp#27;[35m[W3C (4bedd779)]&amp#27;[39m Calling AppiumDriver.getCurrentContext() with args: ["4bedd779-fdb8-413f-8330-ae65200e0214"]
[debug] &amp#27;[35m[W3C (4bedd779)]&amp#27;[39m Responding to client with driver.getCurrentContext() result: "NATIVE_APP"
&amp#27;[35m[HTTP]&amp#27;[39m &amp#27;[37m<-- GET /wd/hub/session/4bedd779-fdb8-413f-8330-ae65200e0214/context &amp#27;[39m&amp#27;[32m200&amp#27;[39m &amp#27;[90m3 ms - 22&amp#27;[39m
&amp#27;[35m[HTTP]&amp#27;[39m &amp#27;[90m&amp#27;[39m
&amp#27;[35m[HTTP]&amp#27;[39m &amp#27;[37m-->&amp#27;[39m &amp#27;[37mPOST&amp#27;[39m &amp#27;[37m/wd/hub/session/4bedd779-fdb8-413f-8330-ae65200e0214/element&amp#27;[39m
&amp#27;[35m[HTTP]&amp#27;[39m &amp#27;[90m{"using":"xpath","value":"//*[@text='Continue']"}&amp#27;[39m
[debug] &amp#27;[35m[W3C (4bedd779)]&amp#27;[39m Calling AppiumDriver.findElement() with args: ["xpath","//*[@text='Continue']","4bedd779-fdb8-413f-8330-ae65200e0214"]
[debug] &amp#27;[35m[BaseDriver]&amp#27;[39m Valid locator strategies for this request: xpath, id, class name, accessibility id, css selector, -android uiautomator
[debug] &amp#27;[35m[BaseDriver]&amp#27;[39m Waiting up to 0 ms for condition
[debug] &amp#27;[35m[WD Proxy]&amp#27;[39m Matched '/element' to command name 'findElement'
[debug] &amp#27;[35m[WD Proxy]&amp#27;[39m Proxying [POST /element] to [POST http://127.0.0.1:10000/wd/hub/session/8b835344-94de-4627-b9c4-1f8ac87fb8a0/element] with body: {"strategy":"xpath","selector":"//*[@text='Continue']","context":"","multiple":false}
[debug] &amp#27;[35m[WD Proxy]&amp#27;[39m Got response with status 200: {"sessionId":"8b835344-94de-4627-b9c4-1f8ac87fb8a0","value":{"ELEMENT":"00000000-0000-01a8-ffff-ffff000003f7","element-6066-11e4-a52e-4f735466cecf":"00000000-0000-01a8-ffff-ffff000003f7"}}
[debug] &amp#27;[35m[W3C (4bedd779)]&amp#27;[39m Responding to client with driver.findElement() result: {"element-6066-11e4-a52e-4f735466cecf":"00000000-0000-01a8-ffff-ffff000003f7","ELEMENT":"00000000-0000-01a8-ffff-ffff000003f7"}
&amp#27;[35m[HTTP]&amp#27;[39m &amp#27;[37m<-- POST /wd/hub/session/4bedd779-fdb8-413f-8330-ae65200e0214/element &amp#27;[39m&amp#27;[32m200&amp#27;[39m &amp#27;[90m111 ms - 137&amp#27;[39m
&amp#27;[35m[HTTP]&amp#27;[39m &amp#27;[90m&amp#27;[39m
&amp#27;[35m[HTTP]&amp#27;[39m &amp#27;[37m-->&amp#27;[39m &amp#27;[37mPOST&amp#27;[39m &amp#27;[37m/wd/hub/session/4bedd779-fdb8-413f-8330-ae65200e0214/element/00000000-0000-01a8-ffff-ffff000003f7/click&amp#27;[39m
&amp#27;[35m[HTTP]&amp#27;[39m &amp#27;[90m{"id":"00000000-0000-01a8-ffff-ffff000003f7"}&amp#27;[39m
[debug] &amp#27;[35m[W3C (4bedd779)]&amp#27;[39m Calling AppiumDriver.click() with args: ["00000000-0000-01a8-ffff-ffff000003f7","4bedd779-fdb8-413f-8330-ae65200e0214"]
[debug] &amp#27;[35m[WD Proxy]&amp#27;[39m Matched '/element/00000000-0000-01a8-ffff-ffff000003f7/click' to command name 'click'
[debug] &amp#27;[35m[WD Proxy]&amp#27;[39m Proxying [POST /element/00000000-0000-01a8-ffff-ffff000003f7/click] to [POST http://127.0.0.1:10000/wd/hub/session/8b835344-94de-4627-b9c4-1f8ac87fb8a0/element/00000000-0000-01a8-ffff-ffff000003f7/click] with body: {"element":"00000000-0000-01a8-ffff-ffff000003f7"}
[debug] &amp#27;[35m[WD Proxy]&amp#27;[39m Got response with status 200: {"sessionId":"8b835344-94de-4627-b9c4-1f8ac87fb8a0","value":null}
[debug] &amp#27;[35m[W3C (4bedd779)]&amp#27;[39m Responding to client with driver.click() result: null
&amp#27;[35m[HTTP]&amp#27;[39m &amp#27;[37m<-- POST /wd/hub/session/4bedd779-fdb8-413f-8330-ae65200e0214/element/00000000-0000-01a8-ffff-ffff000003f7/click &amp#27;[39m&amp#27;[32m200&amp#27;[39m &amp#27;[90m64 ms - 14&amp#27;[39m
&amp#27;[35m[HTTP]&amp#27;[39m &amp#27;[90m&amp#27;[39m
  When User Click on Continue                   # com.nagp.stepdefination.HomePageSelendroidStep.ClickContinue()
&amp#27;[35m[HTTP]&amp#27;[39m &amp#27;[37m-->&amp#27;[39m &amp#27;[37mGET&amp#27;[39m &amp#27;[37m/wd/hub/session/4bedd779-fdb8-413f-8330-ae65200e0214/context&amp#27;[39m
&amp#27;[35m[HTTP]&amp#27;[39m &amp#27;[90m{}&amp#27;[39m
[debug] &amp#27;[35m[W3C (4bedd779)]&amp#27;[39m Calling AppiumDriver.getCurrentContext() with args: ["4bedd779-fdb8-413f-8330-ae65200e0214"]
[debug] &amp#27;[35m[W3C (4bedd779)]&amp#27;[39m Responding to client with driver.getCurrentContext() result: "NATIVE_APP"
&amp#27;[35m[HTTP]&amp#27;[39m &amp#27;[37m<-- GET /wd/hub/session/4bedd779-fdb8-413f-8330-ae65200e0214/context &amp#27;[39m&amp#27;[32m200&amp#27;[39m &amp#27;[90m1 ms - 22&amp#27;[39m
&amp#27;[35m[HTTP]&amp#27;[39m &amp#27;[90m&amp#27;[39m
&amp#27;[35m[HTTP]&amp#27;[39m &amp#27;[37m-->&amp#27;[39m &amp#27;[37mPOST&amp#27;[39m &amp#27;[37m/wd/hub/session/4bedd779-fdb8-413f-8330-ae65200e0214/element&amp#27;[39m
&amp#27;[35m[HTTP]&amp#27;[39m &amp#27;[90m{"using":"id","value":"android:id/button1"}&amp#27;[39m
[debug] &amp#27;[35m[W3C (4bedd779)]&amp#27;[39m Calling AppiumDriver.findElement() with args: ["id","android:id/button1","4bedd779-fdb8-413f-8330-ae65200e0214"]
[debug] &amp#27;[35m[BaseDriver]&amp#27;[39m Valid locator strategies for this request: xpath, id, class name, accessibility id, css selector, -android uiautomator
[debug] &amp#27;[35m[BaseDriver]&amp#27;[39m Waiting up to 0 ms for condition
[debug] &amp#27;[35m[WD Proxy]&amp#27;[39m Matched '/element' to command name 'findElement'
[debug] &amp#27;[35m[WD Proxy]&amp#27;[39m Proxying [POST /element] to [POST http://127.0.0.1:10000/wd/hub/session/8b835344-94de-4627-b9c4-1f8ac87fb8a0/element] with body: {"strategy":"id","selector":"android:id/button1","context":"","multiple":false}
&amp#27;[35m[WD Proxy]&amp#27;[39m Got response with status 404: {"sessionId":"8b835344-94de-4627-b9c4-1f8ac87fb8a0","value":{"error":"no such element","message":"An element could not be located on the page using the given search parameters","stacktrace":"io.appium.uiautomator2.common.exceptions.ElementNotFoundException: An element could not be located on the page using the given search parameters\n\tat io.appium.uiautomator2.handler.FindElement.safeHandle(FindElement.java:70)\n\tat io.appium.uiautomator2.handler.request.SafeRequestHandler.handle(SafeRequestHandler.java:59)\n\tat io.appium.uiautomator2.server.AppiumServlet.handleRequest(AppiumServlet.java:266)\n\tat io.appium.uiautomator2.server.AppiumServlet.handleHttpRequest(AppiumServlet.java:260)\n\tat io.appium.uiautomator2.http.ServerHandler.channelRead(ServerHandler.java:68)\n\tat io.netty.channel.AbstractChannelHandlerContext.invokeChannelRead(AbstractChannelHandlerContext.java:366)\n\tat io.netty.channel.AbstractChannelHandlerContext.invokeChannelRead(AbstractChannelHandlerContext.java:352)\n\tat io.netty.chann...
[debug] &amp#27;[35m[W3C]&amp#27;[39m Matched W3C error code 'no such element' to NoSuchElementError
[debug] &amp#27;[35m[W3C (4bedd779)]&amp#27;[39m Encountered internal error running command: NoSuchElementError: An element could not be located on the page using the given search parameters.
[debug] &amp#27;[35m[W3C (4bedd779)]&amp#27;[39m     at AndroidUiautomator2Driver.findElOrEls (/usr/local/lib/node_modules/appium/node_modules/appium-android-driver/lib/commands/find.js:75:11)
[debug] &amp#27;[35m[W3C (4bedd779)]&amp#27;[39m     at runMicrotasks (<anonymous>)
[debug] &amp#27;[35m[W3C (4bedd779)]&amp#27;[39m     at processTicksAndRejections (internal/process/task_queues.js:95:5)
[debug] &amp#27;[35m[W3C (4bedd779)]&amp#27;[39m     at AndroidUiautomator2Driver.findElOrElsWithProcessing (/usr/local/lib/node_modules/appium/node_modules/appium-base-driver/lib/basedriver/commands/find.js:33:12)
[debug] &amp#27;[35m[W3C (4bedd779)]&amp#27;[39m     at AndroidUiautomator2Driver.findElement (/usr/local/lib/node_modules/appium/node_modules/appium-base-driver/lib/basedriver/commands/find.js:53:10)
&amp#27;[35m[HTTP]&amp#27;[39m &amp#27;[37m<-- POST /wd/hub/session/4bedd779-fdb8-413f-8330-ae65200e0214/element &amp#27;[39m&amp#27;[33m404&amp#27;[39m &amp#27;[90m268 ms - 816&amp#27;[39m
&amp#27;[35m[HTTP]&amp#27;[39m &amp#27;[90m&amp#27;[39m
&amp#27;[35m[HTTP]&amp#27;[39m &amp#27;[37m-->&amp#27;[39m &amp#27;[37mPOST&amp#27;[39m &amp#27;[37m/wd/hub/session/4bedd779-fdb8-413f-8330-ae65200e0214/element&amp#27;[39m
&amp#27;[35m[HTTP]&amp#27;[39m &amp#27;[90m{"using":"id","value":"android:id/button1"}&amp#27;[39m
[debug] &amp#27;[35m[W3C (4bedd779)]&amp#27;[39m Calling AppiumDriver.findElement() with args: ["id","android:id/button1","4bedd779-fdb8-413f-8330-ae65200e0214"]
[debug] &amp#27;[35m[BaseDriver]&amp#27;[39m Valid locator strategies for this request: xpath, id, class name, accessibility id, css selector, -android uiautomator
[debug] &amp#27;[35m[BaseDriver]&amp#27;[39m Waiting up to 0 ms for condition
[debug] &amp#27;[35m[WD Proxy]&amp#27;[39m Matched '/element' to command name 'findElement'
[debug] &amp#27;[35m[WD Proxy]&amp#27;[39m Proxying [POST /element] to [POST http://127.0.0.1:10000/wd/hub/session/8b835344-94de-4627-b9c4-1f8ac87fb8a0/element] with body: {"strategy":"id","selector":"android:id/button1","context":"","multiple":false}
[debug] &amp#27;[35m[WD Proxy]&amp#27;[39m Got response with status 200: {"sessionId":"8b835344-94de-4627-b9c4-1f8ac87fb8a0","value":{"ELEMENT":"00000000-0000-01aa-ffff-ffff0000025d","element-6066-11e4-a52e-4f735466cecf":"00000000-0000-01aa-ffff-ffff0000025d"}}
[debug] &amp#27;[35m[W3C (4bedd779)]&amp#27;[39m Responding to client with driver.findElement() result: {"element-6066-11e4-a52e-4f735466cecf":"00000000-0000-01aa-ffff-ffff0000025d","ELEMENT":"00000000-0000-01aa-ffff-ffff0000025d"}
&amp#27;[35m[HTTP]&amp#27;[39m &amp#27;[37m<-- POST /wd/hub/session/4bedd779-fdb8-413f-8330-ae65200e0214/element &amp#27;[39m&amp#27;[32m200&amp#27;[39m &amp#27;[90m371 ms - 137&amp#27;[39m
&amp#27;[35m[HTTP]&amp#27;[39m &amp#27;[90m&amp#27;[39m
&amp#27;[35m[HTTP]&amp#27;[39m &amp#27;[37m-->&amp#27;[39m &amp#27;[37mGET&amp#27;[39m &amp#27;[37m/wd/hub/session/4bedd779-fdb8-413f-8330-ae65200e0214/element/00000000-0000-01aa-ffff-ffff0000025d/displayed&amp#27;[39m
&amp#27;[35m[HTTP]&amp#27;[39m &amp#27;[90m{}&amp#27;[39m
[debug] &amp#27;[35m[W3C (4bedd779)]&amp#27;[39m Calling AppiumDriver.elementDisplayed() with args: ["00000000-0000-01aa-ffff-ffff0000025d","4bedd779-fdb8-413f-8330-ae65200e0214"]
[debug] &amp#27;[35m[WD Proxy]&amp#27;[39m Matched '/element/00000000-0000-01aa-ffff-ffff0000025d/attribute/displayed' to command name 'getAttribute'
[debug] &amp#27;[35m[WD Proxy]&amp#27;[39m Proxying [GET /element/00000000-0000-01aa-ffff-ffff0000025d/attribute/displayed] to [GET http://127.0.0.1:10000/wd/hub/session/8b835344-94de-4627-b9c4-1f8ac87fb8a0/element/00000000-0000-01aa-ffff-ffff0000025d/attribute/displayed] with no body
[debug] &amp#27;[35m[WD Proxy]&amp#27;[39m Got response with status 200: {"sessionId":"8b835344-94de-4627-b9c4-1f8ac87fb8a0","value":"true"}
[debug] &amp#27;[35m[W3C (4bedd779)]&amp#27;[39m Responding to client with driver.elementDisplayed() result: true
&amp#27;[35m[HTTP]&amp#27;[39m &amp#27;[37m<-- GET /wd/hub/session/4bedd779-fdb8-413f-8330-ae65200e0214/element/00000000-0000-01aa-ffff-ffff0000025d/displayed &amp#27;[39m&amp#27;[32m200&amp#27;[39m &amp#27;[90m33 ms - 14&amp#27;[39m
&amp#27;[35m[HTTP]&amp#27;[39m &amp#27;[90m&amp#27;[39m
[INFO ] 2022-09-22 13:21:07.185 [main] BasePage - ok popup clicked
&amp#27;[35m[HTTP]&amp#27;[39m &amp#27;[37m-->&amp#27;[39m &amp#27;[37mGET&amp#27;[39m &amp#27;[37m/wd/hub/session/4bedd779-fdb8-413f-8330-ae65200e0214/context&amp#27;[39m
&amp#27;[35m[HTTP]&amp#27;[39m &amp#27;[90m{}&amp#27;[39m
[debug] &amp#27;[35m[W3C (4bedd779)]&amp#27;[39m Calling AppiumDriver.getCurrentContext() with args: ["4bedd779-fdb8-413f-8330-ae65200e0214"]
[debug] &amp#27;[35m[W3C (4bedd779)]&amp#27;[39m Responding to client with driver.getCurrentContext() result: "NATIVE_APP"
&amp#27;[35m[HTTP]&amp#27;[39m &amp#27;[37m<-- GET /wd/hub/session/4bedd779-fdb8-413f-8330-ae65200e0214/context &amp#27;[39m&amp#27;[32m200&amp#27;[39m &amp#27;[90m1 ms - 22&amp#27;[39m
&amp#27;[35m[HTTP]&amp#27;[39m &amp#27;[90m&amp#27;[39m
&amp#27;[35m[HTTP]&amp#27;[39m &amp#27;[37m-->&amp#27;[39m &amp#27;[37mPOST&amp#27;[39m &amp#27;[37m/wd/hub/session/4bedd779-fdb8-413f-8330-ae65200e0214/element&amp#27;[39m
&amp#27;[35m[HTTP]&amp#27;[39m &amp#27;[90m{"using":"id","value":"android:id/button1"}&amp#27;[39m
[debug] &amp#27;[35m[W3C (4bedd779)]&amp#27;[39m Calling AppiumDriver.findElement() with args: ["id","android:id/button1","4bedd779-fdb8-413f-8330-ae65200e0214"]
[debug] &amp#27;[35m[BaseDriver]&amp#27;[39m Valid locator strategies for this request: xpath, id, class name, accessibility id, css selector, -android uiautomator
[debug] &amp#27;[35m[BaseDriver]&amp#27;[39m Waiting up to 0 ms for condition
[debug] &amp#27;[35m[WD Proxy]&amp#27;[39m Matched '/element' to command name 'findElement'
[debug] &amp#27;[35m[WD Proxy]&amp#27;[39m Proxying [POST /element] to [POST http://127.0.0.1:10000/wd/hub/session/8b835344-94de-4627-b9c4-1f8ac87fb8a0/element] with body: {"strategy":"id","selector":"android:id/button1","context":"","multiple":false}
[debug] &amp#27;[35m[WD Proxy]&amp#27;[39m Got response with status 200: {"sessionId":"8b835344-94de-4627-b9c4-1f8ac87fb8a0","value":{"ELEMENT":"00000000-0000-01aa-ffff-ffff0000025d","element-6066-11e4-a52e-4f735466cecf":"00000000-0000-01aa-ffff-ffff0000025d"}}
[debug] &amp#27;[35m[W3C (4bedd779)]&amp#27;[39m Responding to client with driver.findElement() result: {"element-6066-11e4-a52e-4f735466cecf":"00000000-0000-01aa-ffff-ffff0000025d","ELEMENT":"00000000-0000-01aa-ffff-ffff0000025d"}
&amp#27;[35m[HTTP]&amp#27;[39m &amp#27;[37m<-- POST /wd/hub/session/4bedd779-fdb8-413f-8330-ae65200e0214/element &amp#27;[39m&amp#27;[32m200&amp#27;[39m &amp#27;[90m35 ms - 137&amp#27;[39m
&amp#27;[35m[HTTP]&amp#27;[39m &amp#27;[90m&amp#27;[39m
&amp#27;[35m[HTTP]&amp#27;[39m &amp#27;[37m-->&amp#27;[39m &amp#27;[37mPOST&amp#27;[39m &amp#27;[37m/wd/hub/session/4bedd779-fdb8-413f-8330-ae65200e0214/element/00000000-0000-01aa-ffff-ffff0000025d/click&amp#27;[39m
&amp#27;[35m[HTTP]&amp#27;[39m &amp#27;[90m{"id":"00000000-0000-01aa-ffff-ffff0000025d"}&amp#27;[39m
[debug] &amp#27;[35m[W3C (4bedd779)]&amp#27;[39m Calling AppiumDriver.click() with args: ["00000000-0000-01aa-ffff-ffff0000025d","4bedd779-fdb8-413f-8330-ae65200e0214"]
[debug] &amp#27;[35m[WD Proxy]&amp#27;[39m Matched '/element/00000000-0000-01aa-ffff-ffff0000025d/click' to command name 'click'
[debug] &amp#27;[35m[WD Proxy]&amp#27;[39m Proxying [POST /element/00000000-0000-01aa-ffff-ffff0000025d/click] to [POST http://127.0.0.1:10000/wd/hub/session/8b835344-94de-4627-b9c4-1f8ac87fb8a0/element/00000000-0000-01aa-ffff-ffff0000025d/click] with body: {"element":"00000000-0000-01aa-ffff-ffff0000025d"}
[debug] &amp#27;[35m[WD Proxy]&amp#27;[39m Got response with status 200: {"sessionId":"8b835344-94de-4627-b9c4-1f8ac87fb8a0","value":null}
[debug] &amp#27;[35m[W3C (4bedd779)]&amp#27;[39m Responding to client with driver.click() result: null
&amp#27;[35m[HTTP]&amp#27;[39m &amp#27;[37m<-- POST /wd/hub/session/4bedd779-fdb8-413f-8330-ae65200e0214/element/00000000-0000-01aa-ffff-ffff0000025d/click &amp#27;[39m&amp#27;[32m200&amp#27;[39m &amp#27;[90m83 ms - 14&amp#27;[39m
&amp#27;[35m[HTTP]&amp#27;[39m &amp#27;[90m&amp#27;[39m
  And User Click on Ok on PopUp                 # com.nagp.stepdefination.HomePageSelendroidStep.ClickOkPopUp()
&amp#27;[35m[HTTP]&amp#27;[39m &amp#27;[37m-->&amp#27;[39m &amp#27;[37mGET&amp#27;[39m &amp#27;[37m/wd/hub/session/4bedd779-fdb8-413f-8330-ae65200e0214/context&amp#27;[39m
&amp#27;[35m[HTTP]&amp#27;[39m &amp#27;[90m{}&amp#27;[39m
[debug] &amp#27;[35m[W3C (4bedd779)]&amp#27;[39m Calling AppiumDriver.getCurrentContext() with args: ["4bedd779-fdb8-413f-8330-ae65200e0214"]
[debug] &amp#27;[35m[W3C (4bedd779)]&amp#27;[39m Responding to client with driver.getCurrentContext() result: "NATIVE_APP"
&amp#27;[35m[HTTP]&amp#27;[39m &amp#27;[37m<-- GET /wd/hub/session/4bedd779-fdb8-413f-8330-ae65200e0214/context &amp#27;[39m&amp#27;[32m200&amp#27;[39m &amp#27;[90m1 ms - 22&amp#27;[39m
&amp#27;[35m[HTTP]&amp#27;[39m &amp#27;[90m&amp#27;[39m
&amp#27;[35m[HTTP]&amp#27;[39m &amp#27;[37m-->&amp#27;[39m &amp#27;[37mPOST&amp#27;[39m &amp#27;[37m/wd/hub/session/4bedd779-fdb8-413f-8330-ae65200e0214/element&amp#27;[39m
&amp#27;[35m[HTTP]&amp#27;[39m &amp#27;[90m{"using":"xpath","value":" //android.widget.LinearLayout[@content-desc=\"l10nCD\"]/android.widget.TextView"}&amp#27;[39m
[debug] &amp#27;[35m[W3C (4bedd779)]&amp#27;[39m Calling AppiumDriver.findElement() with args: ["xpath"," //android.widget.LinearLayout[@content-desc=\"l10nCD\"]/android.widget.TextView","4bedd779-fdb8-413f-8330-ae65200e0214"]
[debug] &amp#27;[35m[BaseDriver]&amp#27;[39m Valid locator strategies for this request: xpath, id, class name, accessibility id, css selector, -android uiautomator
[debug] &amp#27;[35m[BaseDriver]&amp#27;[39m Waiting up to 0 ms for condition
[debug] &amp#27;[35m[WD Proxy]&amp#27;[39m Matched '/element' to command name 'findElement'
[debug] &amp#27;[35m[WD Proxy]&amp#27;[39m Proxying [POST /element] to [POST http://127.0.0.1:10000/wd/hub/session/8b835344-94de-4627-b9c4-1f8ac87fb8a0/element] with body: {"strategy":"xpath","selector":" //android.widget.LinearLayout[@content-desc=\"l10nCD\"]/android.widget.TextView","context":"","multiple":false}
[debug] &amp#27;[35m[WD Proxy]&amp#27;[39m Got response with status 200: {"sessionId":"8b835344-94de-4627-b9c4-1f8ac87fb8a0","value":{"ELEMENT":"00000000-0000-01ab-ffff-ffff00000008","element-6066-11e4-a52e-4f735466cecf":"00000000-0000-01ab-ffff-ffff00000008"}}
[debug] &amp#27;[35m[W3C (4bedd779)]&amp#27;[39m Responding to client with driver.findElement() result: {"element-6066-11e4-a52e-4f735466cecf":"00000000-0000-01ab-ffff-ffff00000008","ELEMENT":"00000000-0000-01ab-ffff-ffff00000008"}
&amp#27;[35m[HTTP]&amp#27;[39m &amp#27;[37m<-- POST /wd/hub/session/4bedd779-fdb8-413f-8330-ae65200e0214/element &amp#27;[39m&amp#27;[32m200&amp#27;[39m &amp#27;[90m482 ms - 137&amp#27;[39m
&amp#27;[35m[HTTP]&amp#27;[39m &amp#27;[90m&amp#27;[39m
&amp#27;[35m[HTTP]&amp#27;[39m &amp#27;[37m-->&amp#27;[39m &amp#27;[37mGET&amp#27;[39m &amp#27;[37m/wd/hub/session/4bedd779-fdb8-413f-8330-ae65200e0214/element/00000000-0000-01ab-ffff-ffff00000008/text&amp#27;[39m
&amp#27;[35m[HTTP]&amp#27;[39m &amp#27;[90m{}&amp#27;[39m
&amp#27;[35m[W3C (4bedd779)]&amp#27;[39m Driver proxy active, passing request on via HTTP proxy
[debug] &amp#27;[35m[WD Proxy]&amp#27;[39m Matched '/wd/hub/session/4bedd779-fdb8-413f-8330-ae65200e0214/element/00000000-0000-01ab-ffff-ffff00000008/text' to command name 'getText'
[debug] &amp#27;[35m[WD Proxy]&amp#27;[39m Proxying [GET /wd/hub/session/4bedd779-fdb8-413f-8330-ae65200e0214/element/00000000-0000-01ab-ffff-ffff00000008/text] to [GET http://127.0.0.1:10000/wd/hub/session/8b835344-94de-4627-b9c4-1f8ac87fb8a0/element/00000000-0000-01ab-ffff-ffff00000008/text] with no body
[debug] &amp#27;[35m[WD Proxy]&amp#27;[39m Got response with status 200: {"sessionId":"8b835344-94de-4627-b9c4-1f8ac87fb8a0","value":"Localization (L10n) locator test"}
&amp#27;[35m[WD Proxy]&amp#27;[39m Replacing sessionId 8b835344-94de-4627-b9c4-1f8ac87fb8a0 with 4bedd779-fdb8-413f-8330-ae65200e0214
&amp#27;[35m[HTTP]&amp#27;[39m &amp#27;[37m<-- GET /wd/hub/session/4bedd779-fdb8-413f-8330-ae65200e0214/element/00000000-0000-01ab-ffff-ffff00000008/text &amp#27;[39m&amp#27;[32m200&amp#27;[39m &amp#27;[90m243 ms - 95&amp#27;[39m
&amp#27;[35m[HTTP]&amp#27;[39m &amp#27;[90m&amp#27;[39m
[INFO ] 2022-09-22 13:21:08.068 [main] HomePageSelendroidStep - Navigate to HomeScreen
  Then Navigate to HomeScreen                   # com.nagp.stepdefination.HomePageSelendroidStep.ShowHomeScreen()
&amp#27;[35m[HTTP]&amp#27;[39m &amp#27;[37m-->&amp#27;[39m &amp#27;[37mDELETE&amp#27;[39m &amp#27;[37m/wd/hub/session/4bedd779-fdb8-413f-8330-ae65200e0214&amp#27;[39m
&amp#27;[35m[HTTP]&amp#27;[39m &amp#27;[90m{}&amp#27;[39m
[debug] &amp#27;[35m[W3C (4bedd779)]&amp#27;[39m Calling AppiumDriver.deleteSession() with args: ["4bedd779-fdb8-413f-8330-ae65200e0214"]
[debug] &amp#27;[35m[BaseDriver]&amp#27;[39m Event 'quitSessionRequested' logged at 1663833068072 (13:21:08 GMT+0530 (India Standard Time))
&amp#27;[35m[Appium]&amp#27;[39m Removing session 4bedd779-fdb8-413f-8330-ae65200e0214 from our master session list
[debug] &amp#27;[35m[UiAutomator2]&amp#27;[39m Deleting UiAutomator2 session
[debug] &amp#27;[35m[UiAutomator2]&amp#27;[39m Deleting UiAutomator2 server session
[debug] &amp#27;[35m[WD Proxy]&amp#27;[39m Matched '/' to command name 'deleteSession'
[debug] &amp#27;[35m[WD Proxy]&amp#27;[39m Proxying [DELETE /] to [DELETE http://127.0.0.1:10000/wd/hub/session/8b835344-94de-4627-b9c4-1f8ac87fb8a0] with no body
[debug] &amp#27;[35m[WD Proxy]&amp#27;[39m Got response with status 200: {"sessionId":"8b835344-94de-4627-b9c4-1f8ac87fb8a0","value":null}
[debug] &amp#27;[35m[ADB]&amp#27;[39m Running '/Users/varsha/Library/Android/sdk/platform-tools/adb -P 5037 -s emulator-5554 shell am force-stop io.selendroid.testapp'
[debug] &amp#27;[35m[Logcat]&amp#27;[39m Stopping logcat capture
[debug] &amp#27;[35m[ADB]&amp#27;[39m Removing forwarded port socket connection: 10000 
[debug] &amp#27;[35m[ADB]&amp#27;[39m Running '/Users/varsha/Library/Android/sdk/platform-tools/adb -P 5037 -s emulator-5554 forward --remove tcp:10000'
&amp#27;[35m[UiAutomator2]&amp#27;[39m Restoring hidden api policy to the device default configuration
[debug] &amp#27;[35m[ADB]&amp#27;[39m Running '/Users/varsha/Library/Android/sdk/platform-tools/adb -P 5037 -s emulator-5554 shell 'settings delete global hidden_api_policy_pre_p_apps;settings delete global hidden_api_policy_p_apps;settings delete global hidden_api_policy''
[debug] &amp#27;[35m[BaseDriver]&amp#27;[39m Event 'quitSessionFinished' logged at 1663833068434 (13:21:08 GMT+0530 (India Standard Time))
[debug] &amp#27;[35m[W3C (4bedd779)]&amp#27;[39m Received response: null
[debug] &amp#27;[35m[W3C (4bedd779)]&amp#27;[39m But deleting session, so not returning
[debug] &amp#27;[35m[W3C (4bedd779)]&amp#27;[39m Responding to client with driver.deleteSession() result: null
&amp#27;[35m[HTTP]&amp#27;[39m &amp#27;[37m<-- DELETE /wd/hub/session/4bedd779-fdb8-413f-8330-ae65200e0214 &amp#27;[39m&amp#27;[32m200&amp#27;[39m &amp#27;[90m363 ms - 14&amp#27;[39m
&amp#27;[35m[HTTP]&amp#27;[39m &amp#27;[90m&amp#27;[39m
]]></system-out>
    <system-err><![CDATA[SLF4J: Failed to load class "org.slf4j.impl.StaticLoggerBinder".
SLF4J: Defaulting to no-operation (NOP) logger implementation
SLF4J: See http://www.slf4j.org/codes.html#StaticLoggerBinder for further details.
Sep 22, 2022 1:21:05 PM io.appium.java_client.remote.AppiumCommandExecutor$1 lambda$0
INFO: Detected dialect: W3C
]]></system-err>
  </testcase>
  <testcase name="runScenario[&quot;Verify EN button functionality&quot;, &quot;Optional[Feature to Validate selendroid App HomePage]&quot;](2)" classname="com.nagp.Runner.TestRunnerSmoke" time="12.289">
    <system-out><![CDATA[
@SelendroidApp @SmokeTest @EnButton
Scenario: Verify EN button functionality # src/test/resources/features/HomePage.feature:13
[INFO ] 2022-09-22 13:21:08.550 [main] ServerManager - starting appium server
&amp#27;[35m[Appium]&amp#27;[39m Welcome to Appium v1.22.3
&amp#27;[35m[Appium]&amp#27;[39m Non-default server args:
&amp#27;[35m[Appium]&amp#27;[39m   port: 4246
&amp#27;[35m[Appium]&amp#27;[39m   sessionOverride: true
&amp#27;[35m[Appium]&amp#27;[39m   logFile: /Users/varsha/Desktop/NAGP/NAGPAppium/Android_/Server.log
&amp#27;[35m[Appium]&amp#27;[39m Appium REST http interface listener started on 0.0.0.0:4246
&amp#27;[35m[HTTP]&amp#27;[39m &amp#27;[37m-->&amp#27;[39m &amp#27;[37mGET&amp#27;[39m &amp#27;[37m/wd/hub/status&amp#27;[39m
&amp#27;[35m[HTTP]&amp#27;[39m &amp#27;[90m{}&amp#27;[39m
[debug] &amp#27;[35m[GENERIC]&amp#27;[39m Calling AppiumDriver.getStatus() with args: []
[debug] &amp#27;[35m[GENERIC]&amp#27;[39m Responding to client with driver.getStatus() result: {"build":{"version":"1.22.3"}}
&amp#27;[35m[HTTP]&amp#27;[39m &amp#27;[37m<-- GET /wd/hub/status &amp#27;[39m&amp#27;[32m200&amp#27;[39m &amp#27;[90m6 ms - 68&amp#27;[39m
&amp#27;[35m[HTTP]&amp#27;[39m &amp#27;[90m&amp#27;[39m
&amp#27;[35m[HTTP]&amp#27;[39m &amp#27;[37m-->&amp#27;[39m &amp#27;[37mGET&amp#27;[39m &amp#27;[37m/wd/hub/status&amp#27;[39m
&amp#27;[35m[HTTP]&amp#27;[39m &amp#27;[90m{}&amp#27;[39m
[debug] &amp#27;[35m[GENERIC]&amp#27;[39m Calling AppiumDriver.getStatus() with args: []
[debug] &amp#27;[35m[GENERIC]&amp#27;[39m Responding to client with driver.getStatus() result: {"build":{"version":"1.22.3"}}
&amp#27;[35m[HTTP]&amp#27;[39m &amp#27;[37m<-- GET /wd/hub/status &amp#27;[39m&amp#27;[32m200&amp#27;[39m &amp#27;[90m1 ms - 68&amp#27;[39m
&amp#27;[35m[HTTP]&amp#27;[39m &amp#27;[90m&amp#27;[39m
[INFO ] 2022-09-22 13:21:10.495 [main] ServerManager - Appium server started
[INFO ] 2022-09-22 13:21:10.495 [main] DriverManager - initializing Appium driver
[INFO ] 2022-09-22 13:21:10.496 [main] CapabilitiesManager - getting capabilities
[INFO ] 2022-09-22 13:21:10.496 [main] CapabilitiesManager - appUrl is/Users/varsha/Desktop/NAGP/NAGPAppium/src/test/resources/apkFiles/selendroid-test-app.apk
[debug] &amp#27;[35m[HTTP]&amp#27;[39m Request idempotency key: 509a081c-d6f5-4e4e-afd1-3144b61d4406
&amp#27;[35m[HTTP]&amp#27;[39m &amp#27;[37m-->&amp#27;[39m &amp#27;[37mPOST&amp#27;[39m &amp#27;[37m/wd/hub/session&amp#27;[39m
&amp#27;[35m[HTTP]&amp#27;[39m &amp#27;[90m{"desiredCapabilities":{"app":"/Users/varsha/Desktop/NAGP/NAGPAppium/src/test/resources/apkFiles/selendroid-test-app.apk","appActivity":"io.selendroid.testapp.HomeScreenActivity","appPackage":"io.selendroid.testapp","automationName":"UiAutomator2","chromeDriverPort":"11000","platformName":"Android","systemPort":"10000"},"capabilities":{"firstMatch":[{"appium:app":"/Users/varsha/Desktop/NAGP/NAGPAppium/src/test/resources/apkFiles/selendroid-test-app.apk","appium:appActivity":"io.selendroid.testapp.HomeScreenActivity","appium:appPackage":"io.selendroid.testapp","appium:automationName":"UiAutomator2","chromeDriverPort":"11000","platformName":"android","appium:systemPort":"10000"}]}}&amp#27;[39m
[debug] &amp#27;[35m[W3C]&amp#27;[39m Calling AppiumDriver.createSession() with args: [{"app":"/Users/varsha/Desktop/NAGP/NAGPAppium/src/test/resources/apkFiles/selendroid-test-app.apk","appActivity":"io.selendroid.testapp.HomeScreenActivity","appPackage":"io.selendroid.testapp","automationName":"UiAutomator2","chromeDriverPort":"11000","platformName":"Android","systemPort":"10000"},null,{"firstMatch":[{"appium:app":"/Users/varsha/Desktop/NAGP/NAGPAppium/src/test/resources/apkFiles/selendroid-test-app.apk","appium:appActivity":"io.selendroid.testapp.HomeScreenActivity","appium:appPackage":"io.selendroid.testapp","appium:automationName":"UiAutomator2","chromeDriverPort":"11000","platformName":"android","appium:systemPort":"10000"}]}]
[debug] &amp#27;[35m[BaseDriver]&amp#27;[39m Event 'newSessionRequested' logged at 1663833070529 (13:21:10 GMT+0530 (India Standard Time))
&amp#27;[35m[BaseDriver]&amp#27;[39m The following capabilities are not standard capabilities and should have an extension prefix:
&amp#27;[35m[BaseDriver]&amp#27;[39m   chromeDriverPort
&amp#27;[35m[Appium]&amp#27;[39m Appium v1.22.3 creating new AndroidUiautomator2Driver (v1.70.1) session
[debug] &amp#27;[35m[Appium]&amp#27;[39m There are no active sessions for cleanup
[debug] &amp#27;[35m[BaseDriver]&amp#27;[39m W3C capabilities and MJSONWP desired capabilities were provided
[debug] &amp#27;[35m[BaseDriver]&amp#27;[39m Creating session with W3C capabilities: {
[debug] &amp#27;[35m[BaseDriver]&amp#27;[39m   "alwaysMatch": {
[debug] &amp#27;[35m[BaseDriver]&amp#27;[39m     "appium:chromeDriverPort": "11000",
[debug] &amp#27;[35m[BaseDriver]&amp#27;[39m     "platformName": "android",
[debug] &amp#27;[35m[BaseDriver]&amp#27;[39m     "appium:app": "/Users/varsha/Desktop/NAGP/NAGPAppium/src/test/resources/apkFiles/selendroid-test-app.apk",
[debug] &amp#27;[35m[BaseDriver]&amp#27;[39m     "appium:appActivity": "io.selendroid.testapp.HomeScreenActivity",
[debug] &amp#27;[35m[BaseDriver]&amp#27;[39m     "appium:appPackage": "io.selendroid.testapp",
[debug] &amp#27;[35m[BaseDriver]&amp#27;[39m     "appium:automationName": "UiAutomator2",
[debug] &amp#27;[35m[BaseDriver]&amp#27;[39m     "appium:systemPort": "10000"
[debug] &amp#27;[35m[BaseDriver]&amp#27;[39m   },
[debug] &amp#27;[35m[BaseDriver]&amp#27;[39m   "firstMatch": [
[debug] &amp#27;[35m[BaseDriver]&amp#27;[39m     {}
[debug] &amp#27;[35m[BaseDriver]&amp#27;[39m   ]
[debug] &amp#27;[35m[BaseDriver]&amp#27;[39m }
&amp#27;[35m[BaseDriver]&amp#27;[39m Number capability passed in as string. Functionality may be compromised.
&amp#27;[35m[BaseDriver]&amp#27;[39m Number capability passed in as string. Functionality may be compromised.
&amp#27;[35m[BaseDriver]&amp#27;[39m Capability 'systemPort' changed from string ('10000') to integer (10000). This may cause unexpected behavior
&amp#27;[35m[BaseDriver]&amp#27;[39m Capability 'chromeDriverPort' changed from string ('11000') to integer (11000). This may cause unexpected behavior
&amp#27;[35m[BaseDriver]&amp#27;[39m Session created with session id: eed3aeed-a576-48dd-99be-6d86964658d3
&amp#27;[35m[BaseDriver]&amp#27;[39m Using local app '/Users/varsha/Desktop/NAGP/NAGPAppium/src/test/resources/apkFiles/selendroid-test-app.apk'
[debug] &amp#27;[35m[UiAutomator2]&amp#27;[39m Checking whether app is actually present
&amp#27;[35m[ADB]&amp#27;[39m Found 1 'build-tools' folders under '/Users/varsha/Library/Android/sdk' (newest first):
&amp#27;[35m[ADB]&amp#27;[39m     /Users/varsha/Library/Android/sdk/build-tools/33.0.0
&amp#27;[35m[ADB]&amp#27;[39m Using 'adb' from '/Users/varsha/Library/Android/sdk/platform-tools/adb'
[debug] &amp#27;[35m[ADB]&amp#27;[39m Running '/Users/varsha/Library/Android/sdk/platform-tools/adb -P 5037 start-server'
&amp#27;[35m[AndroidDriver]&amp#27;[39m Retrieving device list
[debug] &amp#27;[35m[ADB]&amp#27;[39m Trying to find a connected android device
[debug] &amp#27;[35m[ADB]&amp#27;[39m Getting connected devices
[debug] &amp#27;[35m[ADB]&amp#27;[39m Connected devices: [{"udid":"emulator-5554","state":"device"}]
&amp#27;[35m[AndroidDriver]&amp#27;[39m Using device: emulator-5554
&amp#27;[35m[ADB]&amp#27;[39m Using 'adb' from '/Users/varsha/Library/Android/sdk/platform-tools/adb'
[debug] &amp#27;[35m[ADB]&amp#27;[39m Running '/Users/varsha/Library/Android/sdk/platform-tools/adb -P 5037 start-server'
[debug] &amp#27;[35m[ADB]&amp#27;[39m Setting device id to emulator-5554
[debug] &amp#27;[35m[ADB]&amp#27;[39m Running '/Users/varsha/Library/Android/sdk/platform-tools/adb -P 5037 -s emulator-5554 shell getprop ro.build.version.sdk'
[debug] &amp#27;[35m[ADB]&amp#27;[39m Current device property 'ro.build.version.sdk': 31
&amp#27;[35m[ADB]&amp#27;[39m Getting device platform version
[debug] &amp#27;[35m[ADB]&amp#27;[39m Running '/Users/varsha/Library/Android/sdk/platform-tools/adb -P 5037 -s emulator-5554 shell getprop ro.build.version.release'
[debug] &amp#27;[35m[ADB]&amp#27;[39m Current device property 'ro.build.version.release': 12
[debug] &amp#27;[35m[ADB]&amp#27;[39m Device API level: 31
&amp#27;[35m[UiAutomator2]&amp#27;[39m Relaxing hidden api policy
[debug] &amp#27;[35m[ADB]&amp#27;[39m Running '/Users/varsha/Library/Android/sdk/platform-tools/adb -P 5037 -s emulator-5554 shell 'settings put global hidden_api_policy_pre_p_apps 1;settings put global hidden_api_policy_p_apps 1;settings put global hidden_api_policy 1''
[debug] &amp#27;[35m[ADB]&amp#27;[39m Running '/Users/varsha/Library/Android/sdk/platform-tools/adb -P 5037 -s emulator-5554 wait-for-device'
[debug] &amp#27;[35m[ADB]&amp#27;[39m Running '/Users/varsha/Library/Android/sdk/platform-tools/adb -P 5037 -s emulator-5554 shell echo ping'
[debug] &amp#27;[35m[AndroidDriver]&amp#27;[39m Pushing settings apk to device...
[debug] &amp#27;[35m[ADB]&amp#27;[39m Getting install status for io.appium.settings
[debug] &amp#27;[35m[ADB]&amp#27;[39m Running '/Users/varsha/Library/Android/sdk/platform-tools/adb -P 5037 -s emulator-5554 shell dumpsys package io.appium.settings'
[debug] &amp#27;[35m[ADB]&amp#27;[39m 'io.appium.settings' is installed
[debug] &amp#27;[35m[ADB]&amp#27;[39m Getting package info for 'io.appium.settings'
[debug] &amp#27;[35m[ADB]&amp#27;[39m Running '/Users/varsha/Library/Android/sdk/platform-tools/adb -P 5037 -s emulator-5554 shell dumpsys package io.appium.settings'
[debug] &amp#27;[35m[ADB]&amp#27;[39m The version name of the installed 'io.appium.settings' is greater or equal to the application version name ('3.4.0' >= '3.4.0')
[debug] &amp#27;[35m[ADB]&amp#27;[39m There is no need to install/upgrade '/usr/local/lib/node_modules/appium/node_modules/io.appium.settings/apks/settings_apk-debug.apk'
[debug] &amp#27;[35m[ADB]&amp#27;[39m Getting IDs of all 'io.appium.settings' processes
[debug] &amp#27;[35m[ADB]&amp#27;[39m Running '/Users/varsha/Library/Android/sdk/platform-tools/adb -P 5037 -s emulator-5554 shell 'pgrep --help; echo $?''
[debug] &amp#27;[35m[ADB]&amp#27;[39m Running '/Users/varsha/Library/Android/sdk/platform-tools/adb -P 5037 -s emulator-5554 shell pgrep -f \(\[\[:blank:\]\]\|\^\)io\.appium\.settings\(\[\[:blank:\]\]\|\$\)'
[debug] &amp#27;[35m[AndroidDriver]&amp#27;[39m io.appium.settings is already running. There is no need to reset its permissions.
[debug] &amp#27;[35m[Logcat]&amp#27;[39m Starting logs capture with command: /Users/varsha/Library/Android/sdk/platform-tools/adb -P 5037 -s emulator-5554 logcat -v threadtime
[debug] &amp#27;[35m[UiAutomator2]&amp#27;[39m Forwarding UiAutomator2 Server port 6790 to local port 10000
[debug] &amp#27;[35m[ADB]&amp#27;[39m Forwarding system: 10000 to device: 6790
[debug] &amp#27;[35m[ADB]&amp#27;[39m Running '/Users/varsha/Library/Android/sdk/platform-tools/adb -P 5037 -s emulator-5554 forward tcp:10000 tcp:6790'
[debug] &amp#27;[35m[ADB]&amp#27;[39m Getting install status for io.appium.uiautomator2.server
[debug] &amp#27;[35m[ADB]&amp#27;[39m Running '/Users/varsha/Library/Android/sdk/platform-tools/adb -P 5037 -s emulator-5554 shell dumpsys package io.appium.uiautomator2.server'
[debug] &amp#27;[35m[ADB]&amp#27;[39m 'io.appium.uiautomator2.server' is installed
[debug] &amp#27;[35m[ADB]&amp#27;[39m Getting package info for 'io.appium.uiautomator2.server'
[debug] &amp#27;[35m[ADB]&amp#27;[39m Running '/Users/varsha/Library/Android/sdk/platform-tools/adb -P 5037 -s emulator-5554 shell dumpsys package io.appium.uiautomator2.server'
[debug] &amp#27;[35m[ADB]&amp#27;[39m The version name of the installed 'io.appium.uiautomator2.server' is greater or equal to the application version name ('4.27.0' >= '4.27.0')
[debug] &amp#27;[35m[UiAutomator2]&amp#27;[39m io.appium.uiautomator2.server installation state: sameVersionInstalled
[debug] &amp#27;[35m[ADB]&amp#27;[39m Checking app cert for /usr/local/lib/node_modules/appium/node_modules/appium-uiautomator2-server/apks/appium-uiautomator2-server-v4.27.0.apk
&amp#27;[35m[ADB]&amp#27;[39m Using 'apksigner.jar' from '/Users/varsha/Library/Android/sdk/build-tools/33.0.0/lib/apksigner.jar'
[debug] &amp#27;[35m[ADB]&amp#27;[39m Starting apksigner: /Library/Java/JavaVirtualMachines/jdk-11.0.13.jdk/Contents/Home/bin/java -Xmx1024M -Xss1m -jar /Users/varsha/Library/Android/sdk/build-tools/33.0.0/lib/apksigner.jar verify --print-certs /usr/local/lib/node_modules/appium/node_modules/appium-uiautomator2-server/apks/appium-uiautomator2-server-v4.27.0.apk
[debug] &amp#27;[35m[ADB]&amp#27;[39m apksigner stdout: Signer #1 certificate DN: EMAILADDRESS=android@android.com, CN=Android, OU=Android, O=Android, L=Mountain View, ST=California, C=US
[debug] &amp#27;[35m[ADB]&amp#27;[39m Signer #1 certificate SHA-256 digest: a40da80a59d170caa950cf15c18c454d47a39b26989d8b640ecd745ba71bf5dc
[debug] &amp#27;[35m[ADB]&amp#27;[39m Signer #1 certificate SHA-1 digest: 61ed377e85d386a8dfee6b864bd85b0bfaa5af81
[debug] &amp#27;[35m[ADB]&amp#27;[39m Signer #1 certificate MD5 digest: e89b158e4bcf988ebd09eb83f5378e87
[debug] &amp#27;[35m[ADB]&amp#27;[39m 
[debug] &amp#27;[35m[ADB]&amp#27;[39m sha256 hash did match for 'appium-uiautomator2-server-v4.27.0.apk'
&amp#27;[35m[ADB]&amp#27;[39m '/usr/local/lib/node_modules/appium/node_modules/appium-uiautomator2-server/apks/appium-uiautomator2-server-v4.27.0.apk' is signed with the default certificate
[debug] &amp#27;[35m[ADB]&amp#27;[39m Getting install status for io.appium.uiautomator2.server.test
[debug] &amp#27;[35m[ADB]&amp#27;[39m Running '/Users/varsha/Library/Android/sdk/platform-tools/adb -P 5037 -s emulator-5554 shell dumpsys package io.appium.uiautomator2.server.test'
[debug] &amp#27;[35m[ADB]&amp#27;[39m 'io.appium.uiautomator2.server.test' is installed
[debug] &amp#27;[35m[ADB]&amp#27;[39m Checking app cert for /usr/local/lib/node_modules/appium/node_modules/appium-uiautomator2-server/apks/appium-uiautomator2-server-debug-androidTest.apk
[debug] &amp#27;[35m[ADB]&amp#27;[39m Starting apksigner: /Library/Java/JavaVirtualMachines/jdk-11.0.13.jdk/Contents/Home/bin/java -Xmx1024M -Xss1m -jar /Users/varsha/Library/Android/sdk/build-tools/33.0.0/lib/apksigner.jar verify --print-certs /usr/local/lib/node_modules/appium/node_modules/appium-uiautomator2-server/apks/appium-uiautomator2-server-debug-androidTest.apk
[debug] &amp#27;[35m[ADB]&amp#27;[39m apksigner stdout: Signer #1 certificate DN: EMAILADDRESS=android@android.com, CN=Android, OU=Android, O=Android, L=Mountain View, ST=California, C=US
[debug] &amp#27;[35m[ADB]&amp#27;[39m Signer #1 certificate SHA-256 digest: a40da80a59d170caa950cf15c18c454d47a39b26989d8b640ecd745ba71bf5dc
[debug] &amp#27;[35m[ADB]&amp#27;[39m Signer #1 certificate SHA-1 digest: 61ed377e85d386a8dfee6b864bd85b0bfaa5af81
[debug] &amp#27;[35m[ADB]&amp#27;[39m Signer #1 certificate MD5 digest: e89b158e4bcf988ebd09eb83f5378e87
[debug] &amp#27;[35m[ADB]&amp#27;[39m 
[debug] &amp#27;[35m[ADB]&amp#27;[39m sha256 hash did match for 'appium-uiautomator2-server-debug-androidTest.apk'
&amp#27;[35m[ADB]&amp#27;[39m '/usr/local/lib/node_modules/appium/node_modules/appium-uiautomator2-server/apks/appium-uiautomator2-server-debug-androidTest.apk' is signed with the default certificate
&amp#27;[35m[UiAutomator2]&amp#27;[39m Server packages are not going to be (re)installed
[debug] &amp#27;[35m[UiAutomator2]&amp#27;[39m Waiting up to 30000ms for services to be available
[debug] &amp#27;[35m[ADB]&amp#27;[39m Running '/Users/varsha/Library/Android/sdk/platform-tools/adb -P 5037 -s emulator-5554 shell pm list instrumentation'
[debug] &amp#27;[35m[UiAutomator2]&amp#27;[39m Instrumentation target 'io.appium.uiautomator2.server.test/androidx.test.runner.AndroidJUnitRunner' is available
&amp#27;[35m[ADB]&amp#27;[39m Adding packages ["io.appium.settings","io.appium.uiautomator2.server","io.appium.uiautomator2.server.test"] to Doze whitelist
[debug] &amp#27;[35m[ADB]&amp#27;[39m Got the following command chunks to execute: [["dumpsys","deviceidle","whitelist","+io.appium.settings",";","dumpsys","deviceidle","whitelist","+io.appium.uiautomator2.server",";","dumpsys","deviceidle","whitelist","+io.appium.uiautomator2.server.test",";"]]
[debug] &amp#27;[35m[ADB]&amp#27;[39m Running '/Users/varsha/Library/Android/sdk/platform-tools/adb -P 5037 -s emulator-5554 shell dumpsys deviceidle whitelist +io.appium.settings ; dumpsys deviceidle whitelist +io.appium.uiautomator2.server ; dumpsys deviceidle whitelist +io.appium.uiautomator2.server.test ;'
[debug] &amp#27;[35m[ADB]&amp#27;[39m Checking app cert for /Users/varsha/Desktop/NAGP/NAGPAppium/src/test/resources/apkFiles/selendroid-test-app.apk
[debug] &amp#27;[35m[ADB]&amp#27;[39m Starting apksigner: /Library/Java/JavaVirtualMachines/jdk-11.0.13.jdk/Contents/Home/bin/java -Xmx1024M -Xss1m -jar /Users/varsha/Library/Android/sdk/build-tools/33.0.0/lib/apksigner.jar verify --print-certs /Users/varsha/Desktop/NAGP/NAGPAppium/src/test/resources/apkFiles/selendroid-test-app.apk
[debug] &amp#27;[35m[ADB]&amp#27;[39m apksigner stdout: Signer #1 certificate DN: CN=Android Debug, O=Android, C=US
[debug] &amp#27;[35m[ADB]&amp#27;[39m Signer #1 certificate SHA-256 digest: f68117581679cdfaf3532a1c374547745a1889d266b3de8d3dc9014632599f33
[debug] &amp#27;[35m[ADB]&amp#27;[39m Signer #1 certificate SHA-1 digest: 4fdac9c8157aa966b9a79f11d31cda5be49fd44b
[debug] &amp#27;[35m[ADB]&amp#27;[39m Signer #1 certificate MD5 digest: 671d07ab3338c01c67994b9edb18362c
[debug] &amp#27;[35m[ADB]&amp#27;[39m 
&amp#27;[35m[ADB]&amp#27;[39m '/Users/varsha/Desktop/NAGP/NAGPAppium/src/test/resources/apkFiles/selendroid-test-app.apk' is signed with a non-default certificate
[debug] &amp#27;[35m[ADB]&amp#27;[39m Getting install status for io.selendroid.testapp
[debug] &amp#27;[35m[ADB]&amp#27;[39m Running '/Users/varsha/Library/Android/sdk/platform-tools/adb -P 5037 -s emulator-5554 shell dumpsys package io.selendroid.testapp'
[debug] &amp#27;[35m[ADB]&amp#27;[39m 'io.selendroid.testapp' is installed
[debug] &amp#27;[35m[ADB]&amp#27;[39m Getting package info for 'io.selendroid.testapp'
[debug] &amp#27;[35m[ADB]&amp#27;[39m Running '/Users/varsha/Library/Android/sdk/platform-tools/adb -P 5037 -s emulator-5554 shell dumpsys package io.selendroid.testapp'
[debug] &amp#27;[35m[ADB]&amp#27;[39m The version name of the installed 'io.selendroid.testapp' is greater or equal to the application version name ('0.12.0' >= '0.12.0')
[debug] &amp#27;[35m[ADB]&amp#27;[39m There is no need to install/upgrade '/Users/varsha/Desktop/NAGP/NAGPAppium/src/test/resources/apkFiles/selendroid-test-app.apk'
&amp#27;[35m[AndroidDriver]&amp#27;[39m Performing fast reset on 'io.selendroid.testapp'
[debug] &amp#27;[35m[ADB]&amp#27;[39m Getting install status for io.selendroid.testapp
[debug] &amp#27;[35m[ADB]&amp#27;[39m Running '/Users/varsha/Library/Android/sdk/platform-tools/adb -P 5037 -s emulator-5554 shell dumpsys package io.selendroid.testapp'
[debug] &amp#27;[35m[ADB]&amp#27;[39m 'io.selendroid.testapp' is installed
[debug] &amp#27;[35m[ADB]&amp#27;[39m Running '/Users/varsha/Library/Android/sdk/platform-tools/adb -P 5037 -s emulator-5554 shell am force-stop io.selendroid.testapp'
[debug] &amp#27;[35m[ADB]&amp#27;[39m Running '/Users/varsha/Library/Android/sdk/platform-tools/adb -P 5037 -s emulator-5554 shell pm clear io.selendroid.testapp'
[debug] &amp#27;[35m[AndroidDriver]&amp#27;[39m Performed fast reset on the installed 'io.selendroid.testapp' application (stop and clear)
[debug] &amp#27;[35m[UiAutomator2]&amp#27;[39m Performing shallow cleanup of automation leftovers
[debug] &amp#27;[35m[UiAutomator2]&amp#27;[39m No obsolete sessions have been detected (socket hang up)
[debug] &amp#27;[35m[ADB]&amp#27;[39m Running '/Users/varsha/Library/Android/sdk/platform-tools/adb -P 5037 -s emulator-5554 shell am force-stop io.appium.uiautomator2.server.test'
&amp#27;[35m[UiAutomator2]&amp#27;[39m Starting UIAutomator2 server 4.27.0
&amp#27;[35m[UiAutomator2]&amp#27;[39m Using UIAutomator2 server from '/usr/local/lib/node_modules/appium/node_modules/appium-uiautomator2-server/apks/appium-uiautomator2-server-v4.27.0.apk' and test from '/usr/local/lib/node_modules/appium/node_modules/appium-uiautomator2-server/apks/appium-uiautomator2-server-debug-androidTest.apk'
&amp#27;[35m[UiAutomator2]&amp#27;[39m Waiting up to 30000ms for UiAutomator2 to be online...
[debug] &amp#27;[35m[ADB]&amp#27;[39m Creating ADB subprocess with args: ["-P",5037,"-s","emulator-5554","shell","am","instrument","-w","-e","disableAnalytics",true,"io.appium.uiautomator2.server.test/androidx.test.runner.AndroidJUnitRunner"]
[debug] &amp#27;[35m[WD Proxy]&amp#27;[39m Matched '/status' to command name 'getStatus'
[debug] &amp#27;[35m[WD Proxy]&amp#27;[39m Proxying [GET /status] to [GET http://127.0.0.1:10000/wd/hub/status] with no body
&amp#27;[35m[WD Proxy]&amp#27;[39m socket hang up
[debug] &amp#27;[35m[Instrumentation]&amp#27;[39m io.appium.uiautomator2.server.test.AppiumUiAutomator2Server:
[debug] &amp#27;[35m[WD Proxy]&amp#27;[39m Matched '/status' to command name 'getStatus'
[debug] &amp#27;[35m[WD Proxy]&amp#27;[39m Proxying [GET /status] to [GET http://127.0.0.1:10000/wd/hub/status] with no body
&amp#27;[35m[WD Proxy]&amp#27;[39m socket hang up
[debug] &amp#27;[35m[WD Proxy]&amp#27;[39m Matched '/status' to command name 'getStatus'
[debug] &amp#27;[35m[WD Proxy]&amp#27;[39m Proxying [GET /status] to [GET http://127.0.0.1:10000/wd/hub/status] with no body
[debug] &amp#27;[35m[WD Proxy]&amp#27;[39m Got response with status 200: {"sessionId":"None","value":{"message":"UiAutomator2 Server is ready to accept commands","ready":true}}
[debug] &amp#27;[35m[UiAutomator2]&amp#27;[39m The initialization of the instrumentation process took 2083ms
[debug] &amp#27;[35m[WD Proxy]&amp#27;[39m Matched '/session' to command name 'createSession'
[...]
&amp#27;[35m[HTTP]&amp#27;[39m &amp#27;[37m<-- POST /wd/hub/session/60dd1b44-4ec9-4add-9022-f2be12faad46/element/00000000-0000-01c9-ffff-ffff0000028b/click &amp#27;[39m&amp#27;[32m200&amp#27;[39m &amp#27;[90m80 ms - 14&amp#27;[39m
&amp#27;[35m[HTTP]&amp#27;[39m &amp#27;[90m&amp#27;[39m
  And User Click on Ok on PopUp                       # com.nagp.stepdefination.HomePageSelendroidStep.ClickOkPopUp()
&amp#27;[35m[HTTP]&amp#27;[39m &amp#27;[37m-->&amp#27;[39m &amp#27;[37mGET&amp#27;[39m &amp#27;[37m/wd/hub/session/60dd1b44-4ec9-4add-9022-f2be12faad46/context&amp#27;[39m
&amp#27;[35m[HTTP]&amp#27;[39m &amp#27;[90m{}&amp#27;[39m
[debug] &amp#27;[35m[W3C (60dd1b44)]&amp#27;[39m Calling AppiumDriver.getCurrentContext() with args: ["60dd1b44-4ec9-4add-9022-f2be12faad46"]
[debug] &amp#27;[35m[W3C (60dd1b44)]&amp#27;[39m Responding to client with driver.getCurrentContext() result: "NATIVE_APP"
&amp#27;[35m[HTTP]&amp#27;[39m &amp#27;[37m<-- GET /wd/hub/session/60dd1b44-4ec9-4add-9022-f2be12faad46/context &amp#27;[39m&amp#27;[32m200&amp#27;[39m &amp#27;[90m2 ms - 22&amp#27;[39m
&amp#27;[35m[HTTP]&amp#27;[39m &amp#27;[90m&amp#27;[39m
&amp#27;[35m[HTTP]&amp#27;[39m &amp#27;[37m-->&amp#27;[39m &amp#27;[37mPOST&amp#27;[39m &amp#27;[37m/wd/hub/session/60dd1b44-4ec9-4add-9022-f2be12faad46/element&amp#27;[39m
&amp#27;[35m[HTTP]&amp#27;[39m &amp#27;[90m{"using":"xpath","value":" //android.widget.LinearLayout[@content-desc=\"l10nCD\"]/android.widget.TextView"}&amp#27;[39m
[debug] &amp#27;[35m[W3C (60dd1b44)]&amp#27;[39m Calling AppiumDriver.findElement() with args: ["xpath"," //android.widget.LinearLayout[@content-desc=\"l10nCD\"]/android.widget.TextView","60dd1b44-4ec9-4add-9022-f2be12faad46"]
[debug] &amp#27;[35m[BaseDriver]&amp#27;[39m Valid locator strategies for this request: xpath, id, class name, accessibility id, css selector, -android uiautomator
[debug] &amp#27;[35m[BaseDriver]&amp#27;[39m Waiting up to 0 ms for condition
[debug] &amp#27;[35m[WD Proxy]&amp#27;[39m Matched '/element' to command name 'findElement'
[debug] &amp#27;[35m[WD Proxy]&amp#27;[39m Proxying [POST /element] to [POST http://127.0.0.1:10000/wd/hub/session/b84316d7-a8e7-438e-8780-7e114ec284d4/element] with body: {"strategy":"xpath","selector":" //android.widget.LinearLayout[@content-desc=\"l10nCD\"]/android.widget.TextView","context":"","multiple":false}
[debug] &amp#27;[35m[WD Proxy]&amp#27;[39m Got response with status 200: {"sessionId":"b84316d7-a8e7-438e-8780-7e114ec284d4","value":{"ELEMENT":"00000000-0000-01ca-ffff-ffff00000008","element-6066-11e4-a52e-4f735466cecf":"00000000-0000-01ca-ffff-ffff00000008"}}
[debug] &amp#27;[35m[W3C (60dd1b44)]&amp#27;[39m Responding to client with driver.findElement() result: {"element-6066-11e4-a52e-4f735466cecf":"00000000-0000-01ca-ffff-ffff00000008","ELEMENT":"00000000-0000-01ca-ffff-ffff00000008"}
&amp#27;[35m[HTTP]&amp#27;[39m &amp#27;[37m<-- POST /wd/hub/session/60dd1b44-4ec9-4add-9022-f2be12faad46/element &amp#27;[39m&amp#27;[32m200&amp#27;[39m &amp#27;[90m459 ms - 137&amp#27;[39m
&amp#27;[35m[HTTP]&amp#27;[39m &amp#27;[90m&amp#27;[39m
&amp#27;[35m[HTTP]&amp#27;[39m &amp#27;[37m-->&amp#27;[39m &amp#27;[37mGET&amp#27;[39m &amp#27;[37m/wd/hub/session/60dd1b44-4ec9-4add-9022-f2be12faad46/element/00000000-0000-01ca-ffff-ffff00000008/text&amp#27;[39m
&amp#27;[35m[HTTP]&amp#27;[39m &amp#27;[90m{}&amp#27;[39m
&amp#27;[35m[W3C (60dd1b44)]&amp#27;[39m Driver proxy active, passing request on via HTTP proxy
[debug] &amp#27;[35m[WD Proxy]&amp#27;[39m Matched '/wd/hub/session/60dd1b44-4ec9-4add-9022-f2be12faad46/element/00000000-0000-01ca-ffff-ffff00000008/text' to command name 'getText'
[debug] &amp#27;[35m[WD Proxy]&amp#27;[39m Proxying [GET /wd/hub/session/60dd1b44-4ec9-4add-9022-f2be12faad46/element/00000000-0000-01ca-ffff-ffff00000008/text] to [GET http://127.0.0.1:10000/wd/hub/session/b84316d7-a8e7-438e-8780-7e114ec284d4/element/00000000-0000-01ca-ffff-ffff00000008/text] with no body
[debug] &amp#27;[35m[WD Proxy]&amp#27;[39m Got response with status 200: {"sessionId":"b84316d7-a8e7-438e-8780-7e114ec284d4","value":"Localization (L10n) locator test"}
&amp#27;[35m[WD Proxy]&amp#27;[39m Replacing sessionId b84316d7-a8e7-438e-8780-7e114ec284d4 with 60dd1b44-4ec9-4add-9022-f2be12faad46
&amp#27;[35m[HTTP]&amp#27;[39m &amp#27;[37m<-- GET /wd/hub/session/60dd1b44-4ec9-4add-9022-f2be12faad46/element/00000000-0000-01ca-ffff-ffff00000008/text &amp#27;[39m&amp#27;[32m200&amp#27;[39m &amp#27;[90m250 ms - 95&amp#27;[39m
&amp#27;[35m[HTTP]&amp#27;[39m &amp#27;[90m&amp#27;[39m
[INFO ] 2022-09-22 13:21:32.316 [main] HomePageSelendroidStep - Navigate to HomeScreen
  Then Navigate to HomeScreen                         # com.nagp.stepdefination.HomePageSelendroidStep.ShowHomeScreen()
&amp#27;[35m[HTTP]&amp#27;[39m &amp#27;[37m-->&amp#27;[39m &amp#27;[37mGET&amp#27;[39m &amp#27;[37m/wd/hub/session/60dd1b44-4ec9-4add-9022-f2be12faad46/context&amp#27;[39m
&amp#27;[35m[HTTP]&amp#27;[39m &amp#27;[90m{}&amp#27;[39m
[debug] &amp#27;[35m[W3C (60dd1b44)]&amp#27;[39m Calling AppiumDriver.getCurrentContext() with args: ["60dd1b44-4ec9-4add-9022-f2be12faad46"]
[debug] &amp#27;[35m[W3C (60dd1b44)]&amp#27;[39m Responding to client with driver.getCurrentContext() result: "NATIVE_APP"
&amp#27;[35m[HTTP]&amp#27;[39m &amp#27;[37m<-- GET /wd/hub/session/60dd1b44-4ec9-4add-9022-f2be12faad46/context &amp#27;[39m&amp#27;[32m200&amp#27;[39m &amp#27;[90m1 ms - 22&amp#27;[39m
&amp#27;[35m[HTTP]&amp#27;[39m &amp#27;[90m&amp#27;[39m
&amp#27;[35m[HTTP]&amp#27;[39m &amp#27;[37m-->&amp#27;[39m &amp#27;[37mPOST&amp#27;[39m &amp#27;[37m/wd/hub/session/60dd1b44-4ec9-4add-9022-f2be12faad46/element&amp#27;[39m
&amp#27;[35m[HTTP]&amp#27;[39m &amp#27;[90m{"using":"id","value":"io.selendroid.testapp:id/visibleButtonTest"}&amp#27;[39m
[debug] &amp#27;[35m[W3C (60dd1b44)]&amp#27;[39m Calling AppiumDriver.findElement() with args: ["id","io.selendroid.testapp:id/visibleButtonTest","60dd1b44-4ec9-4add-9022-f2be12faad46"]
[debug] &amp#27;[35m[BaseDriver]&amp#27;[39m Valid locator strategies for this request: xpath, id, class name, accessibility id, css selector, -android uiautomator
[debug] &amp#27;[35m[BaseDriver]&amp#27;[39m Waiting up to 0 ms for condition
[debug] &amp#27;[35m[WD Proxy]&amp#27;[39m Matched '/element' to command name 'findElement'
[debug] &amp#27;[35m[WD Proxy]&amp#27;[39m Proxying [POST /element] to [POST http://127.0.0.1:10000/wd/hub/session/b84316d7-a8e7-438e-8780-7e114ec284d4/element] with body: {"strategy":"id","selector":"io.selendroid.testapp:id/visibleButtonTest","context":"","multiple":false}
[debug] &amp#27;[35m[WD Proxy]&amp#27;[39m Got response with status 200: {"sessionId":"b84316d7-a8e7-438e-8780-7e114ec284d4","value":{"ELEMENT":"00000000-0000-01ca-ffff-ffff00000012","element-6066-11e4-a52e-4f735466cecf":"00000000-0000-01ca-ffff-ffff00000012"}}
[debug] &amp#27;[35m[W3C (60dd1b44)]&amp#27;[39m Responding to client with driver.findElement() result: {"element-6066-11e4-a52e-4f735466cecf":"00000000-0000-01ca-ffff-ffff00000012","ELEMENT":"00000000-0000-01ca-ffff-ffff00000012"}
&amp#27;[35m[HTTP]&amp#27;[39m &amp#27;[37m<-- POST /wd/hub/session/60dd1b44-4ec9-4add-9022-f2be12faad46/element &amp#27;[39m&amp#27;[32m200&amp#27;[39m &amp#27;[90m45 ms - 137&amp#27;[39m
&amp#27;[35m[HTTP]&amp#27;[39m &amp#27;[90m&amp#27;[39m
&amp#27;[35m[HTTP]&amp#27;[39m &amp#27;[37m-->&amp#27;[39m &amp#27;[37mGET&amp#27;[39m &amp#27;[37m/wd/hub/session/60dd1b44-4ec9-4add-9022-f2be12faad46/element/00000000-0000-01ca-ffff-ffff00000012/displayed&amp#27;[39m
&amp#27;[35m[HTTP]&amp#27;[39m &amp#27;[90m{}&amp#27;[39m
[debug] &amp#27;[35m[W3C (60dd1b44)]&amp#27;[39m Calling AppiumDriver.elementDisplayed() with args: ["00000000-0000-01ca-ffff-ffff00000012","60dd1b44-4ec9-4add-9022-f2be12faad46"]
[debug] &amp#27;[35m[WD Proxy]&amp#27;[39m Matched '/element/00000000-0000-01ca-ffff-ffff00000012/attribute/displayed' to command name 'getAttribute'
[debug] &amp#27;[35m[WD Proxy]&amp#27;[39m Proxying [GET /element/00000000-0000-01ca-ffff-ffff00000012/attribute/displayed] to [GET http://127.0.0.1:10000/wd/hub/session/b84316d7-a8e7-438e-8780-7e114ec284d4/element/00000000-0000-01ca-ffff-ffff00000012/attribute/displayed] with no body
[debug] &amp#27;[35m[WD Proxy]&amp#27;[39m Got response with status 200: {"sessionId":"b84316d7-a8e7-438e-8780-7e114ec284d4","value":"true"}
[debug] &amp#27;[35m[W3C (60dd1b44)]&amp#27;[39m Responding to client with driver.elementDisplayed() result: true
&amp#27;[35m[HTTP]&amp#27;[39m &amp#27;[37m<-- GET /wd/hub/session/60dd1b44-4ec9-4add-9022-f2be12faad46/element/00000000-0000-01ca-ffff-ffff00000012/displayed &amp#27;[39m&amp#27;[32m200&amp#27;[39m &amp#27;[90m21 ms - 14&amp#27;[39m
&amp#27;[35m[HTTP]&amp#27;[39m &amp#27;[90m&amp#27;[39m
[INFO ] 2022-09-22 13:21:32.398 [main] BasePage - TextView Button clicked
&amp#27;[35m[HTTP]&amp#27;[39m &amp#27;[37m-->&amp#27;[39m &amp#27;[37mGET&amp#27;[39m &amp#27;[37m/wd/hub/session/60dd1b44-4ec9-4add-9022-f2be12faad46/context&amp#27;[39m
&amp#27;[35m[HTTP]&amp#27;[39m &amp#27;[90m{}&amp#27;[39m
[debug] &amp#27;[35m[W3C (60dd1b44)]&amp#27;[39m Calling AppiumDriver.getCurrentContext() with args: ["60dd1b44-4ec9-4add-9022-f2be12faad46"]
[debug] &amp#27;[35m[W3C (60dd1b44)]&amp#27;[39m Responding to client with driver.getCurrentContext() result: "NATIVE_APP"
&amp#27;[35m[HTTP]&amp#27;[39m &amp#27;[37m<-- GET /wd/hub/session/60dd1b44-4ec9-4add-9022-f2be12faad46/context &amp#27;[39m&amp#27;[32m200&amp#27;[39m &amp#27;[90m1 ms - 22&amp#27;[39m
&amp#27;[35m[HTTP]&amp#27;[39m &amp#27;[90m&amp#27;[39m
&amp#27;[35m[HTTP]&amp#27;[39m &amp#27;[37m-->&amp#27;[39m &amp#27;[37mPOST&amp#27;[39m &amp#27;[37m/wd/hub/session/60dd1b44-4ec9-4add-9022-f2be12faad46/element&amp#27;[39m
&amp#27;[35m[HTTP]&amp#27;[39m &amp#27;[90m{"using":"id","value":"io.selendroid.testapp:id/visibleButtonTest"}&amp#27;[39m
[debug] &amp#27;[35m[W3C (60dd1b44)]&amp#27;[39m Calling AppiumDriver.findElement() with args: ["id","io.selendroid.testapp:id/visibleButtonTest","60dd1b44-4ec9-4add-9022-f2be12faad46"]
[debug] &amp#27;[35m[BaseDriver]&amp#27;[39m Valid locator strategies for this request: xpath, id, class name, accessibility id, css selector, -android uiautomator
[debug] &amp#27;[35m[BaseDriver]&amp#27;[39m Waiting up to 0 ms for condition
[debug] &amp#27;[35m[WD Proxy]&amp#27;[39m Matched '/element' to command name 'findElement'
[debug] &amp#27;[35m[WD Proxy]&amp#27;[39m Proxying [POST /element] to [POST http://127.0.0.1:10000/wd/hub/session/b84316d7-a8e7-438e-8780-7e114ec284d4/element] with body: {"strategy":"id","selector":"io.selendroid.testapp:id/visibleButtonTest","context":"","multiple":false}
[debug] &amp#27;[35m[WD Proxy]&amp#27;[39m Got response with status 200: {"sessionId":"b84316d7-a8e7-438e-8780-7e114ec284d4","value":{"ELEMENT":"00000000-0000-01ca-ffff-ffff00000012","element-6066-11e4-a52e-4f735466cecf":"00000000-0000-01ca-ffff-ffff00000012"}}
[debug] &amp#27;[35m[W3C (60dd1b44)]&amp#27;[39m Responding to client with driver.findElement() result: {"element-6066-11e4-a52e-4f735466cecf":"00000000-0000-01ca-ffff-ffff00000012","ELEMENT":"00000000-0000-01ca-ffff-ffff00000012"}
&amp#27;[35m[HTTP]&amp#27;[39m &amp#27;[37m<-- POST /wd/hub/session/60dd1b44-4ec9-4add-9022-f2be12faad46/element &amp#27;[39m&amp#27;[32m200&amp#27;[39m &amp#27;[90m63 ms - 137&amp#27;[39m
&amp#27;[35m[HTTP]&amp#27;[39m &amp#27;[90m&amp#27;[39m
&amp#27;[35m[HTTP]&amp#27;[39m &amp#27;[37m-->&amp#27;[39m &amp#27;[37mPOST&amp#27;[39m &amp#27;[37m/wd/hub/session/60dd1b44-4ec9-4add-9022-f2be12faad46/element/00000000-0000-01ca-ffff-ffff00000012/click&amp#27;[39m
&amp#27;[35m[HTTP]&amp#27;[39m &amp#27;[90m{"id":"00000000-0000-01ca-ffff-ffff00000012"}&amp#27;[39m
[debug] &amp#27;[35m[W3C (60dd1b44)]&amp#27;[39m Calling AppiumDriver.click() with args: ["00000000-0000-01ca-ffff-ffff00000012","60dd1b44-4ec9-4add-9022-f2be12faad46"]
[debug] &amp#27;[35m[WD Proxy]&amp#27;[39m Matched '/element/00000000-0000-01ca-ffff-ffff00000012/click' to command name 'click'
[debug] &amp#27;[35m[WD Proxy]&amp#27;[39m Proxying [POST /element/00000000-0000-01ca-ffff-ffff00000012/click] to [POST http://127.0.0.1:10000/wd/hub/session/b84316d7-a8e7-438e-8780-7e114ec284d4/element/00000000-0000-01ca-ffff-ffff00000012/click] with body: {"element":"00000000-0000-01ca-ffff-ffff00000012"}
[debug] &amp#27;[35m[WD Proxy]&amp#27;[39m Got response with status 200: {"sessionId":"b84316d7-a8e7-438e-8780-7e114ec284d4","value":null}
[debug] &amp#27;[35m[W3C (60dd1b44)]&amp#27;[39m Responding to client with driver.click() result: null
&amp#27;[35m[HTTP]&amp#27;[39m &amp#27;[37m<-- POST /wd/hub/session/60dd1b44-4ec9-4add-9022-f2be12faad46/element/00000000-0000-01ca-ffff-ffff00000012/click &amp#27;[39m&amp#27;[32m200&amp#27;[39m &amp#27;[90m44 ms - 14&amp#27;[39m
&amp#27;[35m[HTTP]&amp#27;[39m &amp#27;[90m&amp#27;[39m
  When User Click on DisplayTextViewButton            # com.nagp.stepdefination.HomePageSelendroidStep.ClickTextViewButton()
&amp#27;[35m[HTTP]&amp#27;[39m &amp#27;[37m-->&amp#27;[39m &amp#27;[37mGET&amp#27;[39m &amp#27;[37m/wd/hub/session/60dd1b44-4ec9-4add-9022-f2be12faad46/context&amp#27;[39m
&amp#27;[35m[HTTP]&amp#27;[39m &amp#27;[90m{}&amp#27;[39m
[debug] &amp#27;[35m[W3C (60dd1b44)]&amp#27;[39m Calling AppiumDriver.getCurrentContext() with args: ["60dd1b44-4ec9-4add-9022-f2be12faad46"]
[debug] &amp#27;[35m[W3C (60dd1b44)]&amp#27;[39m Responding to client with driver.getCurrentContext() result: "NATIVE_APP"
&amp#27;[35m[HTTP]&amp#27;[39m &amp#27;[37m<-- GET /wd/hub/session/60dd1b44-4ec9-4add-9022-f2be12faad46/context &amp#27;[39m&amp#27;[32m200&amp#27;[39m &amp#27;[90m3 ms - 22&amp#27;[39m
&amp#27;[35m[HTTP]&amp#27;[39m &amp#27;[90m&amp#27;[39m
&amp#27;[35m[HTTP]&amp#27;[39m &amp#27;[37m-->&amp#27;[39m &amp#27;[37mPOST&amp#27;[39m &amp#27;[37m/wd/hub/session/60dd1b44-4ec9-4add-9022-f2be12faad46/element&amp#27;[39m
&amp#27;[35m[HTTP]&amp#27;[39m &amp#27;[90m{"using":"id","value":"io.selendroid.testapp:id/visibleTextView"}&amp#27;[39m
[debug] &amp#27;[35m[W3C (60dd1b44)]&amp#27;[39m Calling AppiumDriver.findElement() with args: ["id","io.selendroid.testapp:id/visibleTextView","60dd1b44-4ec9-4add-9022-f2be12faad46"]
[debug] &amp#27;[35m[BaseDriver]&amp#27;[39m Valid locator strategies for this request: xpath, id, class name, accessibility id, css selector, -android uiautomator
[debug] &amp#27;[35m[BaseDriver]&amp#27;[39m Waiting up to 0 ms for condition
[debug] &amp#27;[35m[WD Proxy]&amp#27;[39m Matched '/element' to command name 'findElement'
[debug] &amp#27;[35m[WD Proxy]&amp#27;[39m Proxying [POST /element] to [POST http://127.0.0.1:10000/wd/hub/session/b84316d7-a8e7-438e-8780-7e114ec284d4/element] with body: {"strategy":"id","selector":"io.selendroid.testapp:id/visibleTextView","context":"","multiple":false}
[debug] &amp#27;[35m[WD Proxy]&amp#27;[39m Got response with status 200: {"sessionId":"b84316d7-a8e7-438e-8780-7e114ec284d4","value":{"ELEMENT":"00000000-0000-01ca-ffff-ffff00000013","element-6066-11e4-a52e-4f735466cecf":"00000000-0000-01ca-ffff-ffff00000013"}}
[debug] &amp#27;[35m[W3C (60dd1b44)]&amp#27;[39m Responding to client with driver.findElement() result: {"element-6066-11e4-a52e-4f735466cecf":"00000000-0000-01ca-ffff-ffff00000013","ELEMENT":"00000000-0000-01ca-ffff-ffff00000013"}
&amp#27;[35m[HTTP]&amp#27;[39m &amp#27;[37m<-- POST /wd/hub/session/60dd1b44-4ec9-4add-9022-f2be12faad46/element &amp#27;[39m&amp#27;[32m200&amp#27;[39m &amp#27;[90m76 ms - 137&amp#27;[39m
&amp#27;[35m[HTTP]&amp#27;[39m &amp#27;[90m&amp#27;[39m
&amp#27;[35m[HTTP]&amp#27;[39m &amp#27;[37m-->&amp#27;[39m &amp#27;[37mGET&amp#27;[39m &amp#27;[37m/wd/hub/session/60dd1b44-4ec9-4add-9022-f2be12faad46/element/00000000-0000-01ca-ffff-ffff00000013/text&amp#27;[39m
&amp#27;[35m[HTTP]&amp#27;[39m &amp#27;[90m{}&amp#27;[39m
&amp#27;[35m[W3C (60dd1b44)]&amp#27;[39m Driver proxy active, passing request on via HTTP proxy
[debug] &amp#27;[35m[WD Proxy]&amp#27;[39m Matched '/wd/hub/session/60dd1b44-4ec9-4add-9022-f2be12faad46/element/00000000-0000-01ca-ffff-ffff00000013/text' to command name 'getText'
[debug] &amp#27;[35m[WD Proxy]&amp#27;[39m Proxying [GET /wd/hub/session/60dd1b44-4ec9-4add-9022-f2be12faad46/element/00000000-0000-01ca-ffff-ffff00000013/text] to [GET http://127.0.0.1:10000/wd/hub/session/b84316d7-a8e7-438e-8780-7e114ec284d4/element/00000000-0000-01ca-ffff-ffff00000013/text] with no body
[debug] &amp#27;[35m[WD Proxy]&amp#27;[39m Got response with status 200: {"sessionId":"b84316d7-a8e7-438e-8780-7e114ec284d4","value":"Text is sometimes displayed"}
&amp#27;[35m[WD Proxy]&amp#27;[39m Replacing sessionId b84316d7-a8e7-438e-8780-7e114ec284d4 with 60dd1b44-4ec9-4add-9022-f2be12faad46
&amp#27;[35m[HTTP]&amp#27;[39m &amp#27;[37m<-- GET /wd/hub/session/60dd1b44-4ec9-4add-9022-f2be12faad46/element/00000000-0000-01ca-ffff-ffff00000013/text &amp#27;[39m&amp#27;[32m200&amp#27;[39m &amp#27;[90m453 ms - 90&amp#27;[39m
&amp#27;[35m[HTTP]&amp#27;[39m &amp#27;[90m&amp#27;[39m
  Then Verify Text displayed                          # com.nagp.stepdefination.HomePageSelendroidStep.VerifyTextdisplayed()
&amp#27;[35m[HTTP]&amp#27;[39m &amp#27;[37m-->&amp#27;[39m &amp#27;[37mDELETE&amp#27;[39m &amp#27;[37m/wd/hub/session/60dd1b44-4ec9-4add-9022-f2be12faad46&amp#27;[39m
&amp#27;[35m[HTTP]&amp#27;[39m &amp#27;[90m{}&amp#27;[39m
[debug] &amp#27;[35m[W3C (60dd1b44)]&amp#27;[39m Calling AppiumDriver.deleteSession() with args: ["60dd1b44-4ec9-4add-9022-f2be12faad46"]
[debug] &amp#27;[35m[BaseDriver]&amp#27;[39m Event 'quitSessionRequested' logged at 1663833093066 (13:21:33 GMT+0530 (India Standard Time))
&amp#27;[35m[Appium]&amp#27;[39m Removing session 60dd1b44-4ec9-4add-9022-f2be12faad46 from our master session list
[debug] &amp#27;[35m[UiAutomator2]&amp#27;[39m Deleting UiAutomator2 session
[debug] &amp#27;[35m[UiAutomator2]&amp#27;[39m Deleting UiAutomator2 server session
[debug] &amp#27;[35m[WD Proxy]&amp#27;[39m Matched '/' to command name 'deleteSession'
[debug] &amp#27;[35m[WD Proxy]&amp#27;[39m Proxying [DELETE /] to [DELETE http://127.0.0.1:10000/wd/hub/session/b84316d7-a8e7-438e-8780-7e114ec284d4] with no body
[debug] &amp#27;[35m[WD Proxy]&amp#27;[39m Got response with status 200: {"sessionId":"b84316d7-a8e7-438e-8780-7e114ec284d4","value":null}
[debug] &amp#27;[35m[ADB]&amp#27;[39m Running '/Users/varsha/Library/Android/sdk/platform-tools/adb -P 5037 -s emulator-5554 shell am force-stop io.selendroid.testapp'
[debug] &amp#27;[35m[Logcat]&amp#27;[39m Stopping logcat capture
[debug] &amp#27;[35m[ADB]&amp#27;[39m Removing forwarded port socket connection: 10000 
[debug] &amp#27;[35m[ADB]&amp#27;[39m Running '/Users/varsha/Library/Android/sdk/platform-tools/adb -P 5037 -s emulator-5554 forward --remove tcp:10000'
&amp#27;[35m[UiAutomator2]&amp#27;[39m Restoring hidden api policy to the device default configuration
[debug] &amp#27;[35m[ADB]&amp#27;[39m Running '/Users/varsha/Library/Android/sdk/platform-tools/adb -P 5037 -s emulator-5554 shell 'settings delete global hidden_api_policy_pre_p_apps;settings delete global hidden_api_policy_p_apps;settings delete global hidden_api_policy''
[debug] &amp#27;[35m[BaseDriver]&amp#27;[39m Event 'quitSessionFinished' logged at 1663833093335 (13:21:33 GMT+0530 (India Standard Time))
[debug] &amp#27;[35m[W3C (60dd1b44)]&amp#27;[39m Received response: null
[debug] &amp#27;[35m[W3C (60dd1b44)]&amp#27;[39m But deleting session, so not returning
[debug] &amp#27;[35m[W3C (60dd1b44)]&amp#27;[39m Responding to client with driver.deleteSession() result: null
&amp#27;[35m[HTTP]&amp#27;[39m &amp#27;[37m<-- DELETE /wd/hub/session/60dd1b44-4ec9-4add-9022-f2be12faad46 &amp#27;[39m&amp#27;[32m200&amp#27;[39m &amp#27;[90m270 ms - 14&amp#27;[39m
&amp#27;[35m[HTTP]&amp#27;[39m &amp#27;[90m&amp#27;[39m
]]></system-out>
    <system-err><![CDATA[Sep 22, 2022 1:21:28 PM io.appium.java_client.remote.AppiumCommandExecutor$1 lambda$0
INFO: Detected dialect: W3C
]]></system-err>
  </testcase>
</testsuite>